RUN	simulations.RampUsersPerSecLoadSimulation	rampuserspersecloadsimulation	1586357800706	 	3.3.1
USER	Basic Load Simulation	1	START	1586357807445	1586357807445
REQUEST	1		Get all video games	1586357807482	1586357807535	OK	 
USER	Basic Load Simulation	2	START	1586357808445	1586357808445
REQUEST	2		Get all video games	1586357808452	1586357808489	OK	 
USER	Basic Load Simulation	3	START	1586357809447	1586357809447
REQUEST	3		Get all video games	1586357809449	1586357809491	OK	 
USER	Basic Load Simulation	4	START	1586357810442	1586357810442
REQUEST	4		Get all video games	1586357810442	1586357810461	OK	 
USER	Basic Load Simulation	5	START	1586357810945	1586357810945
REQUEST	5		Get all video games	1586357810961	1586357811050	OK	 
USER	Basic Load Simulation	6	START	1586357811442	1586357811442
REQUEST	6		Get all video games	1586357811442	1586357811458	OK	 
USER	Basic Load Simulation	7	START	1586357811944	1586357811944
REQUEST	7		Get all video games	1586357811945	1586357811973	OK	 
USER	Basic Load Simulation	8	START	1586357812432	1586357812432
REQUEST	8		Get all video games	1586357812432	1586357812448	OK	 
REQUEST	1		Get specific game	1586357812560	1586357812566	OK	 
USER	Basic Load Simulation	9	START	1586357812972	1586357812972
REQUEST	9		Get all video games	1586357812972	1586357812988	OK	 
USER	Basic Load Simulation	10	START	1586357813476	1586357813476
REQUEST	2		Get specific game	1586357813493	1586357813509	OK	 
REQUEST	10		Get all video games	1586357813478	1586357813523	OK	 
USER	Basic Load Simulation	11	START	1586357813935	1586357813935
REQUEST	11		Get all video games	1586357813937	1586357813966	OK	 
USER	Basic Load Simulation	12	START	1586357814436	1586357814436
REQUEST	12		Get all video games	1586357814438	1586357814475	OK	 
REQUEST	3		Get specific game	1586357814507	1586357814513	OK	 
USER	Basic Load Simulation	13	START	1586357814787	1586357814787
REQUEST	13		Get all video games	1586357814788	1586357814808	OK	 
USER	Basic Load Simulation	14	START	1586357815113	1586357815113
REQUEST	14		Get all video games	1586357815115	1586357815144	OK	 
USER	Basic Load Simulation	15	START	1586357815446	1586357815446
REQUEST	15		Get all video games	1586357815448	1586357815480	OK	 
REQUEST	4		Get specific game	1586357815472	1586357815480	OK	 
USER	Basic Load Simulation	16	START	1586357815776	1586357815776
REQUEST	16		Get all video games	1586357815777	1586357815800	OK	 
REQUEST	5		Get specific game	1586357816066	1586357816070	OK	 
USER	Basic Load Simulation	17	START	1586357816102	1586357816102
REQUEST	17		Get all video games	1586357816102	1586357816108	OK	 
USER	Basic Load Simulation	18	START	1586357816433	1586357816433
REQUEST	18		Get all video games	1586357816434	1586357816447	OK	 
REQUEST	6		Get specific game	1586357816464	1586357816475	OK	 
USER	Basic Load Simulation	19	START	1586357816772	1586357816772
REQUEST	19		Get all video games	1586357816774	1586357816790	OK	 
REQUEST	7		Get specific game	1586357816983	1586357816998	OK	 
USER	Basic Load Simulation	20	START	1586357817113	1586357817113
REQUEST	20		Get all video games	1586357817114	1586357817120	OK	 
USER	Basic Load Simulation	21	START	1586357817445	1586357817445
REQUEST	21		Get all video games	1586357817446	1586357817452	OK	 
REQUEST	8		Get specific game	1586357817468	1586357817472	OK	 
REQUEST	1		Get all video games	1586357817565	1586357817577	OK	 
USER	Basic Load Simulation	1	END	1586357807445	1586357817592
USER	Basic Load Simulation	22	START	1586357817767	1586357817767
REQUEST	22		Get all video games	1586357817768	1586357817777	OK	 
REQUEST	9		Get specific game	1586357818007	1586357818020	OK	 
USER	Basic Load Simulation	23	START	1586357818093	1586357818093
REQUEST	23		Get all video games	1586357818093	1586357818100	OK	 
USER	Basic Load Simulation	24	START	1586357818435	1586357818435
REQUEST	24		Get all video games	1586357818436	1586357818442	OK	 
REQUEST	2		Get all video games	1586357818523	1586357818527	OK	 
USER	Basic Load Simulation	2	END	1586357808445	1586357818528
REQUEST	10		Get specific game	1586357818533	1586357818538	OK	 
USER	Basic Load Simulation	25	START	1586357818773	1586357818773
REQUEST	25		Get all video games	1586357818775	1586357818785	OK	 
REQUEST	11		Get specific game	1586357818972	1586357818980	OK	 
USER	Basic Load Simulation	26	START	1586357819103	1586357819103
REQUEST	26		Get all video games	1586357819105	1586357819123	OK	 
USER	Basic Load Simulation	27	START	1586357819444	1586357819444
REQUEST	27		Get all video games	1586357819445	1586357819456	OK	 
REQUEST	12		Get specific game	1586357819492	1586357819497	OK	 
REQUEST	3		Get all video games	1586357819513	1586357819518	OK	 
USER	Basic Load Simulation	3	END	1586357809447	1586357819519
USER	Basic Load Simulation	28	START	1586357819772	1586357819772
REQUEST	28		Get all video games	1586357819774	1586357819789	OK	 
REQUEST	13		Get specific game	1586357819826	1586357819830	OK	 
USER	Basic Load Simulation	29	START	1586357820117	1586357820117
REQUEST	29		Get all video games	1586357820118	1586357820130	OK	 
REQUEST	14		Get specific game	1586357820163	1586357820172	OK	 
USER	Basic Load Simulation	30	START	1586357820445	1586357820445
REQUEST	30		Get all video games	1586357820446	1586357820454	OK	 
REQUEST	4		Get all video games	1586357820472	1586357820479	OK	 
USER	Basic Load Simulation	4	END	1586357810442	1586357820480
REQUEST	15		Get specific game	1586357820482	1586357820489	OK	 
USER	Basic Load Simulation	31	START	1586357820694	1586357820694
REQUEST	31		Get all video games	1586357820696	1586357820708	OK	 
REQUEST	16		Get specific game	1586357820816	1586357820828	OK	 
USER	Basic Load Simulation	32	START	1586357820946	1586357820946
REQUEST	32		Get all video games	1586357820946	1586357820955	OK	 
REQUEST	5		Get all video games	1586357821077	1586357821089	OK	 
USER	Basic Load Simulation	5	END	1586357810945	1586357821091
REQUEST	17		Get specific game	1586357821128	1586357821134	OK	 
USER	Basic Load Simulation	33	START	1586357821194	1586357821194
REQUEST	33		Get all video games	1586357821195	1586357821206	OK	 
USER	Basic Load Simulation	34	START	1586357821446	1586357821446
REQUEST	34		Get all video games	1586357821447	1586357821453	OK	 
REQUEST	18		Get specific game	1586357821462	1586357821471	OK	 
REQUEST	6		Get all video games	1586357821492	1586357821501	OK	 
USER	Basic Load Simulation	6	END	1586357811442	1586357821503
USER	Basic Load Simulation	35	START	1586357821686	1586357821686
REQUEST	35		Get all video games	1586357821688	1586357821705	OK	 
REQUEST	19		Get specific game	1586357821805	1586357821818	OK	 
USER	Basic Load Simulation	36	START	1586357821935	1586357821935
REQUEST	36		Get all video games	1586357821937	1586357821953	OK	 
REQUEST	7		Get all video games	1586357822004	1586357822019	OK	 
USER	Basic Load Simulation	7	END	1586357811944	1586357822021
REQUEST	20		Get specific game	1586357822133	1586357822139	OK	 
USER	Basic Load Simulation	37	START	1586357822184	1586357822184
REQUEST	37		Get all video games	1586357822185	1586357822193	OK	 
USER	Basic Load Simulation	38	START	1586357822433	1586357822433
REQUEST	38		Get all video games	1586357822435	1586357822451	OK	 
REQUEST	8		Get all video games	1586357822465	1586357822474	OK	 
REQUEST	21		Get specific game	1586357822465	1586357822475	OK	 
USER	Basic Load Simulation	8	END	1586357812432	1586357822476
USER	Basic Load Simulation	39	START	1586357822694	1586357822694
REQUEST	39		Get all video games	1586357822695	1586357822705	OK	 
REQUEST	22		Get specific game	1586357822787	1586357822791	OK	 
USER	Basic Load Simulation	40	START	1586357822944	1586357822944
REQUEST	40		Get all video games	1586357822946	1586357822961	OK	 
REQUEST	9		Get all video games	1586357823023	1586357823031	OK	 
USER	Basic Load Simulation	9	END	1586357812972	1586357823032
REQUEST	23		Get specific game	1586357823117	1586357823130	OK	 
USER	Basic Load Simulation	41	START	1586357823193	1586357823193
REQUEST	41		Get all video games	1586357823195	1586357823206	OK	 
USER	Basic Load Simulation	42	START	1586357823443	1586357823443
REQUEST	42		Get all video games	1586357823445	1586357823460	OK	 
REQUEST	24		Get specific game	1586357823455	1586357823467	OK	 
REQUEST	10		Get all video games	1586357823555	1586357823563	OK	 
USER	Basic Load Simulation	10	END	1586357813476	1586357823564
USER	Basic Load Simulation	43	START	1586357823697	1586357823697
REQUEST	43		Get all video games	1586357823698	1586357823708	OK	 
REQUEST	25		Get specific game	1586357823806	1586357823818	OK	 
USER	Basic Load Simulation	44	START	1586357823945	1586357823945
REQUEST	44		Get all video games	1586357823947	1586357823962	OK	 
REQUEST	11		Get all video games	1586357823993	1586357824004	OK	 
USER	Basic Load Simulation	11	END	1586357813935	1586357824007
REQUEST	26		Get specific game	1586357824144	1586357824156	OK	 
USER	Basic Load Simulation	45	START	1586357824196	1586357824196
REQUEST	45		Get all video games	1586357824198	1586357824214	OK	 
USER	Basic Load Simulation	46	START	1586357824447	1586357824447
REQUEST	46		Get all video games	1586357824449	1586357824466	OK	 
REQUEST	27		Get specific game	1586357824475	1586357824489	OK	 
REQUEST	12		Get all video games	1586357824506	1586357824512	OK	 
USER	Basic Load Simulation	12	END	1586357814436	1586357824513
USER	Basic Load Simulation	47	START	1586357824645	1586357824645
REQUEST	47		Get all video games	1586357824646	1586357824662	OK	 
REQUEST	28		Get specific game	1586357824805	1586357824809	OK	 
REQUEST	13		Get all video games	1586357824836	1586357824847	OK	 
USER	Basic Load Simulation	48	START	1586357824847	1586357824847
USER	Basic Load Simulation	13	END	1586357814787	1586357824848
REQUEST	48		Get all video games	1586357824848	1586357824862	OK	 
USER	Basic Load Simulation	49	START	1586357825044	1586357825044
REQUEST	49		Get all video games	1586357825045	1586357825053	OK	 
REQUEST	29		Get specific game	1586357825134	1586357825145	OK	 
REQUEST	14		Get all video games	1586357825177	1586357825190	OK	 
USER	Basic Load Simulation	14	END	1586357815113	1586357825191
USER	Basic Load Simulation	50	START	1586357825243	1586357825243
REQUEST	50		Get all video games	1586357825244	1586357825251	OK	 
USER	Basic Load Simulation	51	START	1586357825444	1586357825444
REQUEST	51		Get all video games	1586357825445	1586357825461	OK	 
REQUEST	30		Get specific game	1586357825465	1586357825476	OK	 
REQUEST	15		Get all video games	1586357825508	1586357825521	OK	 
USER	Basic Load Simulation	15	END	1586357815446	1586357825522
USER	Basic Load Simulation	52	START	1586357825642	1586357825642
REQUEST	52		Get all video games	1586357825643	1586357825657	OK	 
REQUEST	31		Get specific game	1586357825726	1586357825737	OK	 
REQUEST	16		Get all video games	1586357825833	1586357825843	OK	 
USER	Basic Load Simulation	16	END	1586357815776	1586357825843
USER	Basic Load Simulation	53	START	1586357825844	1586357825844
REQUEST	53		Get all video games	1586357825844	1586357825851	OK	 
REQUEST	32		Get specific game	1586357825963	1586357825975	OK	 
USER	Basic Load Simulation	54	START	1586357826046	1586357826046
REQUEST	54		Get all video games	1586357826048	1586357826057	OK	 
REQUEST	17		Get all video games	1586357826125	1586357826136	OK	 
USER	Basic Load Simulation	17	END	1586357816102	1586357826137
REQUEST	33		Get specific game	1586357826224	1586357826235	OK	 
USER	Basic Load Simulation	55	START	1586357826244	1586357826244
REQUEST	55		Get all video games	1586357826245	1586357826260	OK	 
USER	Basic Load Simulation	56	START	1586357826445	1586357826445
REQUEST	56		Get all video games	1586357826446	1586357826461	OK	 
REQUEST	34		Get specific game	1586357826467	1586357826475	OK	 
REQUEST	18		Get all video games	1586357826472	1586357826479	OK	 
USER	Basic Load Simulation	18	END	1586357816433	1586357826480
USER	Basic Load Simulation	57	START	1586357826646	1586357826646
REQUEST	57		Get all video games	1586357826647	1586357826658	OK	 
REQUEST	35		Get specific game	1586357826725	1586357826736	OK	 
REQUEST	19		Get all video games	1586357826828	1586357826838	OK	 
USER	Basic Load Simulation	19	END	1586357816772	1586357826840
USER	Basic Load Simulation	58	START	1586357826842	1586357826842
REQUEST	58		Get all video games	1586357826843	1586357826858	OK	 
REQUEST	36		Get specific game	1586357826965	1586357826969	OK	 
USER	Basic Load Simulation	59	START	1586357827044	1586357827044
REQUEST	59		Get all video games	1586357827044	1586357827050	OK	 
REQUEST	20		Get all video games	1586357827148	1586357827158	OK	 
USER	Basic Load Simulation	20	END	1586357817113	1586357827160
REQUEST	37		Get specific game	1586357827204	1586357827215	OK	 
USER	Basic Load Simulation	60	START	1586357827245	1586357827245
REQUEST	60		Get all video games	1586357827246	1586357827260	OK	 
REQUEST	38		Get specific game	1586357827465	1586357827476	OK	 
REQUEST	21		Get all video games	1586357827476	1586357827486	OK	 
USER	Basic Load Simulation	21	END	1586357817445	1586357827488
REQUEST	39		Get specific game	1586357827728	1586357827733	OK	 
REQUEST	22		Get all video games	1586357827794	1586357827805	OK	 
USER	Basic Load Simulation	22	END	1586357817767	1586357827807
REQUEST	40		Get specific game	1586357827977	1586357827981	OK	 
REQUEST	23		Get all video games	1586357828127	1586357828140	OK	 
USER	Basic Load Simulation	23	END	1586357818093	1586357828141
REQUEST	41		Get specific game	1586357828225	1586357828236	OK	 
REQUEST	42		Get specific game	1586357828476	1586357828483	OK	 
REQUEST	24		Get all video games	1586357828476	1586357828483	OK	 
USER	Basic Load Simulation	24	END	1586357818435	1586357828484
REQUEST	43		Get specific game	1586357828726	1586357828738	OK	 
REQUEST	25		Get all video games	1586357828813	1586357828817	OK	 
USER	Basic Load Simulation	25	END	1586357818773	1586357828818
REQUEST	44		Get specific game	1586357828974	1586357828979	OK	 
REQUEST	26		Get all video games	1586357829152	1586357829157	OK	 
USER	Basic Load Simulation	26	END	1586357819103	1586357829157
REQUEST	45		Get specific game	1586357829235	1586357829247	OK	 
REQUEST	46		Get specific game	1586357829485	1586357829497	OK	 
REQUEST	27		Get all video games	1586357829496	1586357829504	OK	 
USER	Basic Load Simulation	27	END	1586357819444	1586357829505
REQUEST	47		Get specific game	1586357829677	1586357829688	OK	 
REQUEST	28		Get all video games	1586357829817	1586357829828	OK	 
USER	Basic Load Simulation	28	END	1586357819772	1586357829829
REQUEST	48		Get specific game	1586357829873	1586357829884	OK	 
REQUEST	49		Get specific game	1586357830063	1586357830070	OK	 
REQUEST	29		Get all video games	1586357830162	1586357830167	OK	 
USER	Basic Load Simulation	29	END	1586357820117	1586357830168
REQUEST	50		Get specific game	1586357830262	1586357830266	OK	 
REQUEST	51		Get specific game	1586357830472	1586357830476	OK	 
REQUEST	30		Get all video games	1586357830483	1586357830487	OK	 
USER	Basic Load Simulation	30	END	1586357820445	1586357830488
REQUEST	52		Get specific game	1586357830676	1586357830688	OK	 
REQUEST	31		Get all video games	1586357830744	1586357830749	OK	 
USER	Basic Load Simulation	31	END	1586357820694	1586357830749
REQUEST	53		Get specific game	1586357830865	1586357830869	OK	 
REQUEST	32		Get all video games	1586357830996	1586357831001	OK	 
USER	Basic Load Simulation	32	END	1586357820946	1586357831002
REQUEST	54		Get specific game	1586357831062	1586357831072	OK	 
REQUEST	33		Get all video games	1586357831244	1586357831248	OK	 
USER	Basic Load Simulation	33	END	1586357821194	1586357831248
REQUEST	55		Get specific game	1586357831275	1586357831279	OK	 
REQUEST	56		Get specific game	1586357831473	1586357831484	OK	 
REQUEST	34		Get all video games	1586357831483	1586357831496	OK	 
USER	Basic Load Simulation	34	END	1586357821446	1586357831497
REQUEST	57		Get specific game	1586357831675	1586357831687	OK	 
REQUEST	35		Get all video games	1586357831743	1586357831752	OK	 
USER	Basic Load Simulation	35	END	1586357821686	1586357831753
REQUEST	58		Get specific game	1586357831874	1586357831880	OK	 
REQUEST	36		Get all video games	1586357831974	1586357831981	OK	 
USER	Basic Load Simulation	36	END	1586357821935	1586357831981
REQUEST	59		Get specific game	1586357832067	1586357832093	OK	 
REQUEST	37		Get all video games	1586357832224	1586357832229	OK	 
USER	Basic Load Simulation	37	END	1586357822184	1586357832230
REQUEST	60		Get specific game	1586357832280	1586357832283	OK	 
REQUEST	38		Get all video games	1586357832482	1586357832486	OK	 
USER	Basic Load Simulation	38	END	1586357822433	1586357832487
REQUEST	39		Get all video games	1586357832727	1586357832740	OK	 
USER	Basic Load Simulation	39	END	1586357822694	1586357832741
REQUEST	40		Get all video games	1586357832985	1586357832997	OK	 
USER	Basic Load Simulation	40	END	1586357822944	1586357832999
REQUEST	41		Get all video games	1586357833242	1586357833247	OK	 
USER	Basic Load Simulation	41	END	1586357823193	1586357833248
REQUEST	42		Get all video games	1586357833487	1586357833498	OK	 
USER	Basic Load Simulation	42	END	1586357823443	1586357833500
REQUEST	43		Get all video games	1586357833746	1586357833758	OK	 
USER	Basic Load Simulation	43	END	1586357823697	1586357833759
REQUEST	44		Get all video games	1586357833982	1586357833986	OK	 
USER	Basic Load Simulation	44	END	1586357823945	1586357833987
REQUEST	45		Get all video games	1586357834244	1586357834254	OK	 
USER	Basic Load Simulation	45	END	1586357824196	1586357834255
REQUEST	46		Get all video games	1586357834506	1586357834514	OK	 
USER	Basic Load Simulation	46	END	1586357824447	1586357834515
REQUEST	47		Get all video games	1586357834697	1586357834701	OK	 
USER	Basic Load Simulation	47	END	1586357824645	1586357834701
REQUEST	48		Get all video games	1586357834895	1586357834906	OK	 
USER	Basic Load Simulation	48	END	1586357824847	1586357834908
REQUEST	49		Get all video games	1586357835082	1586357835086	OK	 
USER	Basic Load Simulation	49	END	1586357825044	1586357835086
REQUEST	50		Get all video games	1586357835263	1586357835275	OK	 
USER	Basic Load Simulation	50	END	1586357825243	1586357835277
REQUEST	51		Get all video games	1586357835483	1586357835486	OK	 
USER	Basic Load Simulation	51	END	1586357825444	1586357835487
REQUEST	52		Get all video games	1586357835697	1586357835702	OK	 
USER	Basic Load Simulation	52	END	1586357825642	1586357835702
REQUEST	53		Get all video games	1586357835876	1586357835884	OK	 
USER	Basic Load Simulation	53	END	1586357825844	1586357835885
REQUEST	54		Get all video games	1586357836095	1586357836099	OK	 
USER	Basic Load Simulation	54	END	1586357826046	1586357836099
REQUEST	55		Get all video games	1586357836287	1586357836299	OK	 
USER	Basic Load Simulation	55	END	1586357826244	1586357836300
REQUEST	56		Get all video games	1586357836495	1586357836499	OK	 
USER	Basic Load Simulation	56	END	1586357826445	1586357836500
REQUEST	57		Get all video games	1586357836693	1586357836712	OK	 
USER	Basic Load Simulation	57	END	1586357826646	1586357836712
REQUEST	58		Get all video games	1586357836887	1586357836891	OK	 
USER	Basic Load Simulation	58	END	1586357826842	1586357836892
REQUEST	59		Get all video games	1586357837116	1586357837120	OK	 
USER	Basic Load Simulation	59	END	1586357827044	1586357837120
REQUEST	60		Get all video games	1586357837287	1586357837291	OK	 
USER	Basic Load Simulation	60	END	1586357827245	1586357837291
