RUN	simulations.RampUsersLoadSimulation	rampusersloadsimulation	1586357455186	 	3.3.1
USER	Basic Load Simulation	1	START	1586357462124	1586357462124
USER	Basic Load Simulation	2	START	1586357462223	1586357462223
USER	Basic Load Simulation	3	START	1586357462327	1586357462327
REQUEST	1		Get all video games	1586357462176	1586357462325	OK	 
REQUEST	2		Get all video games	1586357462224	1586357462325	OK	 
REQUEST	3		Get all video games	1586357462328	1586357462352	OK	 
USER	Basic Load Simulation	4	START	1586357462428	1586357462428
REQUEST	4		Get all video games	1586357462430	1586357462468	OK	 
USER	Basic Load Simulation	5	START	1586357462523	1586357462523
REQUEST	5		Get all video games	1586357462524	1586357462550	OK	 
USER	Basic Load Simulation	6	START	1586357462633	1586357462633
REQUEST	6		Get all video games	1586357462634	1586357462657	OK	 
USER	Basic Load Simulation	7	START	1586357462739	1586357462739
REQUEST	7		Get all video games	1586357462740	1586357462761	OK	 
USER	Basic Load Simulation	8	START	1586357462835	1586357462835
REQUEST	8		Get all video games	1586357462835	1586357462862	OK	 
USER	Basic Load Simulation	9	START	1586357462935	1586357462935
REQUEST	9		Get all video games	1586357462935	1586357462960	OK	 
USER	Basic Load Simulation	10	START	1586357463034	1586357463034
REQUEST	10		Get all video games	1586357463034	1586357463053	OK	 
USER	Basic Load Simulation	11	START	1586357463137	1586357463137
REQUEST	11		Get all video games	1586357463138	1586357463156	OK	 
USER	Basic Load Simulation	12	START	1586357463224	1586357463224
REQUEST	12		Get all video games	1586357463225	1586357463242	OK	 
USER	Basic Load Simulation	13	START	1586357463329	1586357463329
REQUEST	13		Get all video games	1586357463330	1586357463349	OK	 
USER	Basic Load Simulation	14	START	1586357463428	1586357463428
REQUEST	14		Get all video games	1586357463430	1586357463466	OK	 
USER	Basic Load Simulation	15	START	1586357463525	1586357463525
REQUEST	15		Get all video games	1586357463525	1586357463554	OK	 
USER	Basic Load Simulation	16	START	1586357463624	1586357463624
REQUEST	16		Get all video games	1586357463625	1586357463635	OK	 
USER	Basic Load Simulation	17	START	1586357463729	1586357463729
REQUEST	17		Get all video games	1586357463730	1586357463742	OK	 
USER	Basic Load Simulation	18	START	1586357463827	1586357463827
REQUEST	18		Get all video games	1586357463828	1586357463844	OK	 
USER	Basic Load Simulation	19	START	1586357463925	1586357463925
REQUEST	19		Get all video games	1586357463927	1586357463934	OK	 
USER	Basic Load Simulation	20	START	1586357464030	1586357464030
REQUEST	20		Get all video games	1586357464032	1586357464046	OK	 
USER	Basic Load Simulation	21	START	1586357464127	1586357464127
REQUEST	21		Get all video games	1586357464128	1586357464136	OK	 
USER	Basic Load Simulation	22	START	1586357464227	1586357464227
REQUEST	22		Get all video games	1586357464228	1586357464236	OK	 
USER	Basic Load Simulation	23	START	1586357464325	1586357464325
REQUEST	23		Get all video games	1586357464326	1586357464333	OK	 
USER	Basic Load Simulation	24	START	1586357464424	1586357464424
REQUEST	24		Get all video games	1586357464425	1586357464436	OK	 
USER	Basic Load Simulation	25	START	1586357464527	1586357464527
REQUEST	25		Get all video games	1586357464529	1586357464545	OK	 
USER	Basic Load Simulation	26	START	1586357464627	1586357464627
REQUEST	26		Get all video games	1586357464628	1586357464635	OK	 
USER	Basic Load Simulation	27	START	1586357464727	1586357464727
REQUEST	27		Get all video games	1586357464727	1586357464736	OK	 
USER	Basic Load Simulation	28	START	1586357464825	1586357464825
REQUEST	28		Get all video games	1586357464826	1586357464835	OK	 
USER	Basic Load Simulation	29	START	1586357464923	1586357464923
REQUEST	29		Get all video games	1586357464925	1586357464945	OK	 
USER	Basic Load Simulation	30	START	1586357465027	1586357465027
REQUEST	30		Get all video games	1586357465028	1586357465035	OK	 
USER	Basic Load Simulation	31	START	1586357465125	1586357465125
REQUEST	31		Get all video games	1586357465126	1586357465135	OK	 
USER	Basic Load Simulation	32	START	1586357465225	1586357465225
REQUEST	32		Get all video games	1586357465226	1586357465235	OK	 
USER	Basic Load Simulation	33	START	1586357465329	1586357465329
REQUEST	33		Get all video games	1586357465330	1586357465347	OK	 
USER	Basic Load Simulation	34	START	1586357465426	1586357465426
REQUEST	34		Get all video games	1586357465427	1586357465443	OK	 
USER	Basic Load Simulation	35	START	1586357465527	1586357465527
REQUEST	35		Get all video games	1586357465530	1586357465544	OK	 
USER	Basic Load Simulation	36	START	1586357465626	1586357465626
REQUEST	36		Get all video games	1586357465627	1586357465636	OK	 
USER	Basic Load Simulation	37	START	1586357465729	1586357465729
REQUEST	37		Get all video games	1586357465731	1586357465745	OK	 
USER	Basic Load Simulation	38	START	1586357465828	1586357465828
REQUEST	38		Get all video games	1586357465829	1586357465837	OK	 
USER	Basic Load Simulation	39	START	1586357465927	1586357465927
REQUEST	39		Get all video games	1586357465928	1586357465938	OK	 
USER	Basic Load Simulation	40	START	1586357466029	1586357466029
REQUEST	40		Get all video games	1586357466031	1586357466040	OK	 
USER	Basic Load Simulation	41	START	1586357466128	1586357466128
REQUEST	41		Get all video games	1586357466129	1586357466137	OK	 
USER	Basic Load Simulation	42	START	1586357466227	1586357466227
REQUEST	42		Get all video games	1586357466228	1586357466237	OK	 
USER	Basic Load Simulation	43	START	1586357466324	1586357466324
REQUEST	43		Get all video games	1586357466325	1586357466334	OK	 
USER	Basic Load Simulation	44	START	1586357466428	1586357466428
REQUEST	44		Get all video games	1586357466429	1586357466439	OK	 
USER	Basic Load Simulation	45	START	1586357466525	1586357466525
REQUEST	45		Get all video games	1586357466527	1586357466534	OK	 
USER	Basic Load Simulation	46	START	1586357466627	1586357466627
REQUEST	46		Get all video games	1586357466628	1586357466636	OK	 
USER	Basic Load Simulation	47	START	1586357466724	1586357466724
REQUEST	47		Get all video games	1586357466725	1586357466733	OK	 
USER	Basic Load Simulation	48	START	1586357466823	1586357466823
REQUEST	48		Get all video games	1586357466825	1586357466845	OK	 
USER	Basic Load Simulation	49	START	1586357466926	1586357466926
REQUEST	49		Get all video games	1586357466927	1586357466937	OK	 
USER	Basic Load Simulation	50	START	1586357467025	1586357467025
REQUEST	50		Get all video games	1586357467026	1586357467034	OK	 
USER	Basic Load Simulation	51	START	1586357467123	1586357467123
REQUEST	51		Get all video games	1586357467124	1586357467131	OK	 
USER	Basic Load Simulation	52	START	1586357467226	1586357467226
REQUEST	52		Get all video games	1586357467227	1586357467237	OK	 
USER	Basic Load Simulation	53	START	1586357467324	1586357467324
REQUEST	53		Get all video games	1586357467325	1586357467334	OK	 
REQUEST	2		Get specific game	1586357467346	1586357467360	OK	 
REQUEST	1		Get specific game	1586357467346	1586357467360	OK	 
REQUEST	3		Get specific game	1586357467377	1586357467384	OK	 
USER	Basic Load Simulation	54	START	1586357467423	1586357467423
REQUEST	54		Get all video games	1586357467424	1586357467431	OK	 
REQUEST	4		Get specific game	1586357467485	1586357467490	OK	 
USER	Basic Load Simulation	55	START	1586357467526	1586357467526
REQUEST	55		Get all video games	1586357467527	1586357467535	OK	 
REQUEST	5		Get specific game	1586357467564	1586357467570	OK	 
USER	Basic Load Simulation	56	START	1586357467624	1586357467624
REQUEST	56		Get all video games	1586357467625	1586357467633	OK	 
REQUEST	6		Get specific game	1586357467678	1586357467690	OK	 
USER	Basic Load Simulation	57	START	1586357467723	1586357467723
REQUEST	57		Get all video games	1586357467724	1586357467734	OK	 
REQUEST	7		Get specific game	1586357467776	1586357467782	OK	 
USER	Basic Load Simulation	58	START	1586357467826	1586357467826
REQUEST	58		Get all video games	1586357467827	1586357467837	OK	 
REQUEST	8		Get specific game	1586357467880	1586357467887	OK	 
USER	Basic Load Simulation	59	START	1586357467925	1586357467925
REQUEST	59		Get all video games	1586357467926	1586357467937	OK	 
REQUEST	9		Get specific game	1586357467975	1586357467980	OK	 
USER	Basic Load Simulation	60	START	1586357468026	1586357468026
REQUEST	60		Get all video games	1586357468027	1586357468035	OK	 
REQUEST	10		Get specific game	1586357468068	1586357468073	OK	 
USER	Basic Load Simulation	61	START	1586357468123	1586357468123
REQUEST	61		Get all video games	1586357468124	1586357468131	OK	 
REQUEST	11		Get specific game	1586357468166	1586357468172	OK	 
USER	Basic Load Simulation	62	START	1586357468229	1586357468229
REQUEST	62		Get all video games	1586357468231	1586357468244	OK	 
REQUEST	12		Get specific game	1586357468255	1586357468266	OK	 
USER	Basic Load Simulation	63	START	1586357468323	1586357468323
REQUEST	63		Get all video games	1586357468324	1586357468336	OK	 
REQUEST	13		Get specific game	1586357468366	1586357468377	OK	 
USER	Basic Load Simulation	64	START	1586357468428	1586357468428
REQUEST	64		Get all video games	1586357468429	1586357468438	OK	 
REQUEST	14		Get specific game	1586357468485	1586357468496	OK	 
USER	Basic Load Simulation	65	START	1586357468526	1586357468526
REQUEST	65		Get all video games	1586357468527	1586357468546	OK	 
REQUEST	15		Get specific game	1586357468564	1586357468573	OK	 
USER	Basic Load Simulation	66	START	1586357468627	1586357468627
REQUEST	66		Get all video games	1586357468627	1586357468641	OK	 
REQUEST	16		Get specific game	1586357468658	1586357468685	OK	 
USER	Basic Load Simulation	67	START	1586357468724	1586357468724
REQUEST	67		Get all video games	1586357468724	1586357468732	OK	 
REQUEST	17		Get specific game	1586357468757	1586357468763	OK	 
USER	Basic Load Simulation	68	START	1586357468824	1586357468824
REQUEST	68		Get all video games	1586357468824	1586357468835	OK	 
REQUEST	18		Get specific game	1586357468855	1586357468861	OK	 
USER	Basic Load Simulation	69	START	1586357468927	1586357468927
REQUEST	69		Get all video games	1586357468928	1586357468938	OK	 
REQUEST	19		Get specific game	1586357468949	1586357468955	OK	 
USER	Basic Load Simulation	70	START	1586357469024	1586357469024
REQUEST	70		Get all video games	1586357469025	1586357469032	OK	 
REQUEST	20		Get specific game	1586357469068	1586357469073	OK	 
USER	Basic Load Simulation	71	START	1586357469126	1586357469126
REQUEST	71		Get all video games	1586357469127	1586357469134	OK	 
REQUEST	21		Get specific game	1586357469149	1586357469154	OK	 
USER	Basic Load Simulation	72	START	1586357469225	1586357469225
REQUEST	72		Get all video games	1586357469226	1586357469235	OK	 
REQUEST	22		Get specific game	1586357469248	1586357469253	OK	 
USER	Basic Load Simulation	73	START	1586357469323	1586357469323
REQUEST	73		Get all video games	1586357469325	1586357469339	OK	 
REQUEST	23		Get specific game	1586357469344	1586357469354	OK	 
USER	Basic Load Simulation	74	START	1586357469429	1586357469429
REQUEST	74		Get all video games	1586357469430	1586357469441	OK	 
REQUEST	24		Get specific game	1586357469454	1586357469461	OK	 
USER	Basic Load Simulation	75	START	1586357469529	1586357469529
REQUEST	75		Get all video games	1586357469529	1586357469537	OK	 
REQUEST	25		Get specific game	1586357469565	1586357469570	OK	 
USER	Basic Load Simulation	76	START	1586357469628	1586357469628
REQUEST	76		Get all video games	1586357469628	1586357469637	OK	 
REQUEST	26		Get specific game	1586357469644	1586357469649	OK	 
USER	Basic Load Simulation	77	START	1586357469726	1586357469726
REQUEST	77		Get all video games	1586357469727	1586357469734	OK	 
REQUEST	27		Get specific game	1586357469747	1586357469752	OK	 
USER	Basic Load Simulation	78	START	1586357469824	1586357469824
REQUEST	78		Get all video games	1586357469825	1586357469831	OK	 
REQUEST	28		Get specific game	1586357469846	1586357469851	OK	 
USER	Basic Load Simulation	79	START	1586357469924	1586357469924
REQUEST	79		Get all video games	1586357469925	1586357469931	OK	 
REQUEST	29		Get specific game	1586357469956	1586357469960	OK	 
USER	Basic Load Simulation	80	START	1586357470023	1586357470023
REQUEST	80		Get all video games	1586357470024	1586357470030	OK	 
REQUEST	30		Get specific game	1586357470044	1586357470049	OK	 
USER	Basic Load Simulation	81	START	1586357470127	1586357470127
REQUEST	81		Get all video games	1586357470128	1586357470135	OK	 
REQUEST	31		Get specific game	1586357470154	1586357470158	OK	 
USER	Basic Load Simulation	82	START	1586357470217	1586357470217
REQUEST	82		Get all video games	1586357470217	1586357470224	OK	 
REQUEST	32		Get specific game	1586357470257	1586357470262	OK	 
USER	Basic Load Simulation	83	START	1586357470313	1586357470313
REQUEST	83		Get all video games	1586357470314	1586357470321	OK	 
REQUEST	33		Get specific game	1586357470366	1586357470372	OK	 
USER	Basic Load Simulation	84	START	1586357470417	1586357470417
REQUEST	84		Get all video games	1586357470418	1586357470424	OK	 
REQUEST	34		Get specific game	1586357470454	1586357470459	OK	 
USER	Basic Load Simulation	85	START	1586357470517	1586357470517
REQUEST	85		Get all video games	1586357470517	1586357470525	OK	 
REQUEST	35		Get specific game	1586357470558	1586357470563	OK	 
USER	Basic Load Simulation	86	START	1586357470616	1586357470616
REQUEST	86		Get all video games	1586357470617	1586357470624	OK	 
REQUEST	36		Get specific game	1586357470658	1586357470664	OK	 
USER	Basic Load Simulation	87	START	1586357470713	1586357470713
REQUEST	87		Get all video games	1586357470714	1586357470721	OK	 
REQUEST	37		Get specific game	1586357470766	1586357470772	OK	 
USER	Basic Load Simulation	88	START	1586357470818	1586357470818
REQUEST	88		Get all video games	1586357470819	1586357470825	OK	 
REQUEST	38		Get specific game	1586357470844	1586357470849	OK	 
USER	Basic Load Simulation	89	START	1586357470917	1586357470917
REQUEST	89		Get all video games	1586357470918	1586357470925	OK	 
REQUEST	39		Get specific game	1586357470954	1586357470959	OK	 
USER	Basic Load Simulation	90	START	1586357471016	1586357471016
REQUEST	90		Get all video games	1586357471017	1586357471025	OK	 
REQUEST	40		Get specific game	1586357471058	1586357471064	OK	 
USER	Basic Load Simulation	91	START	1586357471114	1586357471114
REQUEST	91		Get all video games	1586357471115	1586357471123	OK	 
REQUEST	41		Get specific game	1586357471146	1586357471150	OK	 
USER	Basic Load Simulation	92	START	1586357471223	1586357471223
REQUEST	92		Get all video games	1586357471224	1586357471234	OK	 
REQUEST	42		Get specific game	1586357471245	1586357471254	OK	 
USER	Basic Load Simulation	93	START	1586357471323	1586357471323
REQUEST	93		Get all video games	1586357471324	1586357471330	OK	 
REQUEST	43		Get specific game	1586357471344	1586357471348	OK	 
USER	Basic Load Simulation	94	START	1586357471427	1586357471427
REQUEST	94		Get all video games	1586357471428	1586357471440	OK	 
REQUEST	44		Get specific game	1586357471448	1586357471457	OK	 
USER	Basic Load Simulation	95	START	1586357471525	1586357471525
REQUEST	95		Get all video games	1586357471527	1586357471540	OK	 
REQUEST	45		Get specific game	1586357471546	1586357471551	OK	 
USER	Basic Load Simulation	96	START	1586357471624	1586357471624
REQUEST	96		Get all video games	1586357471625	1586357471637	OK	 
REQUEST	46		Get specific game	1586357471647	1586357471656	OK	 
USER	Basic Load Simulation	97	START	1586357471728	1586357471728
REQUEST	97		Get all video games	1586357471728	1586357471735	OK	 
REQUEST	47		Get specific game	1586357471744	1586357471749	OK	 
USER	Basic Load Simulation	98	START	1586357471826	1586357471826
REQUEST	98		Get all video games	1586357471826	1586357471833	OK	 
REQUEST	48		Get specific game	1586357471858	1586357471863	OK	 
USER	Basic Load Simulation	99	START	1586357471926	1586357471926
REQUEST	99		Get all video games	1586357471926	1586357471933	OK	 
REQUEST	49		Get specific game	1586357471958	1586357471963	OK	 
USER	Basic Load Simulation	100	START	1586357472025	1586357472025
REQUEST	100		Get all video games	1586357472025	1586357472031	OK	 
REQUEST	50		Get specific game	1586357472045	1586357472050	OK	 
REQUEST	51		Get specific game	1586357472134	1586357472139	OK	 
REQUEST	52		Get specific game	1586357472244	1586357472248	OK	 
REQUEST	53		Get specific game	1586357472358	1586357472363	OK	 
REQUEST	1		Get all video games	1586357472369	1586357472377	OK	 
REQUEST	2		Get all video games	1586357472369	1586357472377	OK	 
REQUEST	3		Get all video games	1586357472374	1586357472380	OK	 
USER	Basic Load Simulation	1	END	1586357462124	1586357472384
USER	Basic Load Simulation	3	END	1586357462327	1586357472384
USER	Basic Load Simulation	2	END	1586357462223	1586357472384
REQUEST	54		Get specific game	1586357472438	1586357472445	OK	 
REQUEST	4		Get all video games	1586357472494	1586357472500	OK	 
USER	Basic Load Simulation	4	END	1586357462428	1586357472501
REQUEST	55		Get specific game	1586357472544	1586357472549	OK	 
REQUEST	5		Get all video games	1586357472566	1586357472572	OK	 
USER	Basic Load Simulation	5	END	1586357462523	1586357472573
REQUEST	56		Get specific game	1586357472644	1586357472649	OK	 
REQUEST	6		Get all video games	1586357472687	1586357472692	OK	 
USER	Basic Load Simulation	6	END	1586357462633	1586357472692
REQUEST	57		Get specific game	1586357472755	1586357472760	OK	 
REQUEST	7		Get all video games	1586357472786	1586357472791	OK	 
USER	Basic Load Simulation	7	END	1586357462739	1586357472791
REQUEST	58		Get specific game	1586357472847	1586357472851	OK	 
REQUEST	8		Get all video games	1586357472894	1586357472898	OK	 
USER	Basic Load Simulation	8	END	1586357462835	1586357472899
REQUEST	59		Get specific game	1586357472956	1586357472961	OK	 
REQUEST	9		Get all video games	1586357472988	1586357472992	OK	 
USER	Basic Load Simulation	9	END	1586357462935	1586357472993
REQUEST	60		Get specific game	1586357473044	1586357473048	OK	 
REQUEST	10		Get all video games	1586357473076	1586357473081	OK	 
USER	Basic Load Simulation	10	END	1586357463034	1586357473082
REQUEST	61		Get specific game	1586357473144	1586357473149	OK	 
REQUEST	11		Get all video games	1586357473174	1586357473178	OK	 
USER	Basic Load Simulation	11	END	1586357463137	1586357473179
REQUEST	62		Get specific game	1586357473269	1586357473275	OK	 
REQUEST	12		Get all video games	1586357473274	1586357473278	OK	 
USER	Basic Load Simulation	12	END	1586357463224	1586357473279
REQUEST	63		Get specific game	1586357473347	1586357473359	OK	 
REQUEST	13		Get all video games	1586357473384	1586357473388	OK	 
USER	Basic Load Simulation	13	END	1586357463329	1586357473389
REQUEST	64		Get specific game	1586357473446	1586357473451	OK	 
REQUEST	14		Get all video games	1586357473497	1586357473503	OK	 
USER	Basic Load Simulation	14	END	1586357463428	1586357473504
REQUEST	65		Get specific game	1586357473554	1586357473560	OK	 
REQUEST	15		Get all video games	1586357473586	1586357473591	OK	 
USER	Basic Load Simulation	15	END	1586357463525	1586357473592
REQUEST	66		Get specific game	1586357473659	1586357473664	OK	 
REQUEST	16		Get all video games	1586357473674	1586357473678	OK	 
USER	Basic Load Simulation	16	END	1586357463624	1586357473679
REQUEST	67		Get specific game	1586357473748	1586357473753	OK	 
REQUEST	17		Get all video games	1586357473764	1586357473768	OK	 
USER	Basic Load Simulation	17	END	1586357463729	1586357473769
REQUEST	68		Get specific game	1586357473856	1586357473865	OK	 
REQUEST	18		Get all video games	1586357473866	1586357473880	OK	 
USER	Basic Load Simulation	18	END	1586357463827	1586357473882
REQUEST	69		Get specific game	1586357473958	1586357473969	OK	 
REQUEST	19		Get all video games	1586357473958	1586357473969	OK	 
USER	Basic Load Simulation	19	END	1586357463925	1586357473970
REQUEST	70		Get specific game	1586357474045	1586357474050	OK	 
REQUEST	20		Get all video games	1586357474067	1586357474076	OK	 
USER	Basic Load Simulation	20	END	1586357464030	1586357474078
REQUEST	71		Get specific game	1586357474147	1586357474156	OK	 
REQUEST	21		Get all video games	1586357474156	1586357474161	OK	 
USER	Basic Load Simulation	21	END	1586357464127	1586357474162
REQUEST	72		Get specific game	1586357474244	1586357474256	OK	 
REQUEST	22		Get all video games	1586357474254	1586357474266	OK	 
USER	Basic Load Simulation	22	END	1586357464227	1586357474268
REQUEST	23		Get all video games	1586357474358	1586357474369	OK	 
REQUEST	73		Get specific game	1586357474358	1586357474370	OK	 
USER	Basic Load Simulation	23	END	1586357464325	1586357474370
REQUEST	74		Get specific game	1586357474446	1586357474452	OK	 
REQUEST	24		Get all video games	1586357474467	1586357474473	OK	 
USER	Basic Load Simulation	24	END	1586357464424	1586357474474
REQUEST	75		Get specific game	1586357474545	1586357474553	OK	 
REQUEST	25		Get all video games	1586357474565	1586357474571	OK	 
USER	Basic Load Simulation	25	END	1586357464527	1586357474572
REQUEST	76		Get specific game	1586357474648	1586357474652	OK	 
REQUEST	26		Get all video games	1586357474658	1586357474662	OK	 
USER	Basic Load Simulation	26	END	1586357464627	1586357474663
REQUEST	77		Get specific game	1586357474745	1586357474756	OK	 
REQUEST	27		Get all video games	1586357474755	1586357474766	OK	 
USER	Basic Load Simulation	27	END	1586357464727	1586357474767
REQUEST	78		Get specific game	1586357474849	1586357474861	OK	 
REQUEST	28		Get all video games	1586357474862	1586357474871	OK	 
USER	Basic Load Simulation	28	END	1586357464825	1586357474872
REQUEST	79		Get specific game	1586357474947	1586357474952	OK	 
REQUEST	29		Get all video games	1586357474967	1586357474972	OK	 
USER	Basic Load Simulation	29	END	1586357464923	1586357474973
REQUEST	80		Get specific game	1586357475044	1586357475048	OK	 
REQUEST	30		Get all video games	1586357475065	1586357475070	OK	 
USER	Basic Load Simulation	30	END	1586357465027	1586357475070
REQUEST	81		Get specific game	1586357475149	1586357475155	OK	 
REQUEST	31		Get all video games	1586357475154	1586357475159	OK	 
USER	Basic Load Simulation	31	END	1586357465125	1586357475160
REQUEST	82		Get specific game	1586357475237	1586357475247	OK	 
REQUEST	32		Get all video games	1586357475260	1586357475266	OK	 
USER	Basic Load Simulation	32	END	1586357465225	1586357475267
REQUEST	83		Get specific game	1586357475326	1586357475334	OK	 
REQUEST	33		Get all video games	1586357475378	1586357475382	OK	 
USER	Basic Load Simulation	33	END	1586357465329	1586357475383
REQUEST	84		Get specific game	1586357475434	1586357475441	OK	 
REQUEST	34		Get all video games	1586357475466	1586357475475	OK	 
USER	Basic Load Simulation	34	END	1586357465426	1586357475476
REQUEST	85		Get specific game	1586357475534	1586357475538	OK	 
REQUEST	35		Get all video games	1586357475564	1586357475569	OK	 
USER	Basic Load Simulation	35	END	1586357465527	1586357475569
REQUEST	86		Get specific game	1586357475636	1586357475641	OK	 
REQUEST	36		Get all video games	1586357475656	1586357475662	OK	 
USER	Basic Load Simulation	36	END	1586357465626	1586357475662
REQUEST	87		Get specific game	1586357475734	1586357475739	OK	 
REQUEST	37		Get all video games	1586357475766	1586357475772	OK	 
USER	Basic Load Simulation	37	END	1586357465729	1586357475772
REQUEST	88		Get specific game	1586357475834	1586357475838	OK	 
REQUEST	38		Get all video games	1586357475864	1586357475872	OK	 
USER	Basic Load Simulation	38	END	1586357465828	1586357475873
REQUEST	89		Get specific game	1586357475934	1586357475943	OK	 
REQUEST	39		Get all video games	1586357475966	1586357475971	OK	 
USER	Basic Load Simulation	39	END	1586357465927	1586357475971
REQUEST	90		Get specific game	1586357476034	1586357476040	OK	 
REQUEST	40		Get all video games	1586357476064	1586357476069	OK	 
USER	Basic Load Simulation	40	END	1586357466029	1586357476070
REQUEST	91		Get specific game	1586357476136	1586357476142	OK	 
REQUEST	41		Get all video games	1586357476168	1586357476173	OK	 
USER	Basic Load Simulation	41	END	1586357466128	1586357476174
REQUEST	92		Get specific game	1586357476254	1586357476260	OK	 
REQUEST	42		Get all video games	1586357476276	1586357476282	OK	 
USER	Basic Load Simulation	42	END	1586357466227	1586357476282
REQUEST	93		Get specific game	1586357476348	1586357476354	OK	 
REQUEST	43		Get all video games	1586357476358	1586357476364	OK	 
USER	Basic Load Simulation	43	END	1586357466324	1586357476365
REQUEST	44		Get all video games	1586357476458	1586357476465	OK	 
REQUEST	94		Get specific game	1586357476458	1586357476465	OK	 
USER	Basic Load Simulation	44	END	1586357466428	1586357476465
REQUEST	45		Get all video games	1586357476557	1586357476563	OK	 
REQUEST	95		Get specific game	1586357476557	1586357476563	OK	 
USER	Basic Load Simulation	45	END	1586357466525	1586357476563
REQUEST	96		Get specific game	1586357476654	1586357476658	OK	 
REQUEST	46		Get all video games	1586357476664	1586357476668	OK	 
USER	Basic Load Simulation	46	END	1586357466627	1586357476669
REQUEST	97		Get specific game	1586357476747	1586357476752	OK	 
REQUEST	47		Get all video games	1586357476757	1586357476765	OK	 
USER	Basic Load Simulation	47	END	1586357466724	1586357476766
REQUEST	98		Get specific game	1586357476845	1586357476853	OK	 
REQUEST	48		Get all video games	1586357476865	1586357476870	OK	 
USER	Basic Load Simulation	48	END	1586357466823	1586357476871
REQUEST	99		Get specific game	1586357476944	1586357476951	OK	 
REQUEST	49		Get all video games	1586357476954	1586357476960	OK	 
USER	Basic Load Simulation	49	END	1586357466926	1586357476961
REQUEST	100		Get specific game	1586357477046	1586357477050	OK	 
REQUEST	50		Get all video games	1586357477056	1586357477060	OK	 
USER	Basic Load Simulation	50	END	1586357467025	1586357477061
REQUEST	51		Get all video games	1586357477148	1586357477155	OK	 
USER	Basic Load Simulation	51	END	1586357467123	1586357477155
REQUEST	52		Get all video games	1586357477256	1586357477262	OK	 
USER	Basic Load Simulation	52	END	1586357467226	1586357477263
REQUEST	53		Get all video games	1586357477355	1586357477368	OK	 
USER	Basic Load Simulation	53	END	1586357467324	1586357477369
REQUEST	54		Get all video games	1586357477456	1586357477460	OK	 
USER	Basic Load Simulation	54	END	1586357467423	1586357477461
REQUEST	55		Get all video games	1586357477564	1586357477570	OK	 
USER	Basic Load Simulation	55	END	1586357467526	1586357477571
REQUEST	56		Get all video games	1586357477656	1586357477662	OK	 
USER	Basic Load Simulation	56	END	1586357467624	1586357477663
REQUEST	57		Get all video games	1586357477754	1586357477764	OK	 
USER	Basic Load Simulation	57	END	1586357467723	1586357477765
REQUEST	58		Get all video games	1586357477859	1586357477870	OK	 
USER	Basic Load Simulation	58	END	1586357467826	1586357477872
REQUEST	59		Get all video games	1586357477969	1586357477980	OK	 
USER	Basic Load Simulation	59	END	1586357467925	1586357477981
REQUEST	60		Get all video games	1586357478069	1586357478073	OK	 
USER	Basic Load Simulation	60	END	1586357468026	1586357478073
REQUEST	61		Get all video games	1586357478148	1586357478154	OK	 
USER	Basic Load Simulation	61	END	1586357468123	1586357478155
REQUEST	62		Get all video games	1586357478269	1586357478277	OK	 
USER	Basic Load Simulation	62	END	1586357468229	1586357478279
REQUEST	63		Get all video games	1586357478365	1586357478371	OK	 
USER	Basic Load Simulation	63	END	1586357468323	1586357478371
REQUEST	64		Get all video games	1586357478465	1586357478470	OK	 
USER	Basic Load Simulation	64	END	1586357468428	1586357478470
REQUEST	65		Get all video games	1586357478575	1586357478579	OK	 
USER	Basic Load Simulation	65	END	1586357468526	1586357478580
REQUEST	66		Get all video games	1586357478664	1586357478669	OK	 
USER	Basic Load Simulation	66	END	1586357468627	1586357478670
REQUEST	67		Get all video games	1586357478756	1586357478760	OK	 
USER	Basic Load Simulation	67	END	1586357468724	1586357478761
REQUEST	68		Get all video games	1586357478854	1586357478859	OK	 
USER	Basic Load Simulation	68	END	1586357468824	1586357478860
REQUEST	69		Get all video games	1586357478974	1586357478978	OK	 
USER	Basic Load Simulation	69	END	1586357468927	1586357478979
REQUEST	70		Get all video games	1586357479057	1586357479061	OK	 
USER	Basic Load Simulation	70	END	1586357469024	1586357479062
REQUEST	71		Get all video games	1586357479165	1586357479173	OK	 
USER	Basic Load Simulation	71	END	1586357469126	1586357479174
REQUEST	72		Get all video games	1586357479269	1586357479277	OK	 
USER	Basic Load Simulation	72	END	1586357469225	1586357479278
REQUEST	73		Get all video games	1586357479378	1586357479388	OK	 
USER	Basic Load Simulation	73	END	1586357469323	1586357479389
REQUEST	74		Get all video games	1586357479469	1586357479473	OK	 
USER	Basic Load Simulation	74	END	1586357469429	1586357479474
REQUEST	75		Get all video games	1586357479565	1586357479570	OK	 
USER	Basic Load Simulation	75	END	1586357469529	1586357479571
REQUEST	76		Get all video games	1586357479658	1586357479662	OK	 
USER	Basic Load Simulation	76	END	1586357469628	1586357479663
REQUEST	77		Get all video games	1586357479767	1586357479777	OK	 
USER	Basic Load Simulation	77	END	1586357469726	1586357479778
REQUEST	78		Get all video games	1586357479854	1586357479864	OK	 
USER	Basic Load Simulation	78	END	1586357469824	1586357479866
REQUEST	79		Get all video games	1586357479958	1586357479962	OK	 
USER	Basic Load Simulation	79	END	1586357469924	1586357479963
REQUEST	80		Get all video games	1586357480056	1586357480060	OK	 
USER	Basic Load Simulation	80	END	1586357470023	1586357480061
REQUEST	81		Get all video games	1586357480154	1586357480162	OK	 
USER	Basic Load Simulation	81	END	1586357470127	1586357480163
REQUEST	82		Get all video games	1586357480259	1586357480264	OK	 
USER	Basic Load Simulation	82	END	1586357470217	1586357480264
REQUEST	83		Get all video games	1586357480347	1586357480353	OK	 
USER	Basic Load Simulation	83	END	1586357470313	1586357480354
REQUEST	84		Get all video games	1586357480445	1586357480450	OK	 
USER	Basic Load Simulation	84	END	1586357470417	1586357480451
REQUEST	85		Get all video games	1586357480544	1586357480548	OK	 
USER	Basic Load Simulation	85	END	1586357470517	1586357480549
REQUEST	86		Get all video games	1586357480647	1586357480652	OK	 
USER	Basic Load Simulation	86	END	1586357470616	1586357480652
REQUEST	87		Get all video games	1586357480748	1586357480753	OK	 
USER	Basic Load Simulation	87	END	1586357470713	1586357480754
REQUEST	88		Get all video games	1586357480855	1586357480860	OK	 
USER	Basic Load Simulation	88	END	1586357470818	1586357480860
REQUEST	89		Get all video games	1586357480954	1586357480962	OK	 
USER	Basic Load Simulation	89	END	1586357470917	1586357480962
REQUEST	90		Get all video games	1586357481057	1586357481061	OK	 
USER	Basic Load Simulation	90	END	1586357471016	1586357481062
REQUEST	91		Get all video games	1586357481148	1586357481154	OK	 
USER	Basic Load Simulation	91	END	1586357471114	1586357481155
REQUEST	92		Get all video games	1586357481257	1586357481263	OK	 
USER	Basic Load Simulation	92	END	1586357471223	1586357481264
REQUEST	93		Get all video games	1586357481355	1586357481362	OK	 
USER	Basic Load Simulation	93	END	1586357471323	1586357481362
REQUEST	94		Get all video games	1586357481464	1586357481468	OK	 
USER	Basic Load Simulation	94	END	1586357471427	1586357481469
REQUEST	95		Get all video games	1586357481569	1586357481573	OK	 
USER	Basic Load Simulation	95	END	1586357471525	1586357481574
REQUEST	96		Get all video games	1586357481666	1586357481676	OK	 
USER	Basic Load Simulation	96	END	1586357471624	1586357481678
REQUEST	97		Get all video games	1586357481755	1586357481760	OK	 
USER	Basic Load Simulation	97	END	1586357471728	1586357481760
REQUEST	98		Get all video games	1586357481858	1586357481863	OK	 
USER	Basic Load Simulation	98	END	1586357471826	1586357481864
REQUEST	99		Get all video games	1586357481945	1586357481952	OK	 
USER	Basic Load Simulation	99	END	1586357471926	1586357481952
REQUEST	100		Get all video games	1586357482059	1586357482064	OK	 
USER	Basic Load Simulation	100	END	1586357472025	1586357482065
