RUN	simulations.FixedDurationLoadSimulation	fixeddurationloadsimulation	1586359615487	 	3.3.1
USER	Fixed Duration Load Simulation	3	START	1586359622056	1586359622056
USER	Fixed Duration Load Simulation	6	START	1586359622058	1586359622058
USER	Fixed Duration Load Simulation	10	START	1586359622063	1586359622063
USER	Fixed Duration Load Simulation	1	START	1586359622054	1586359622054
USER	Fixed Duration Load Simulation	8	START	1586359622060	1586359622060
USER	Fixed Duration Load Simulation	4	START	1586359622058	1586359622058
USER	Fixed Duration Load Simulation	9	START	1586359622062	1586359622062
USER	Fixed Duration Load Simulation	2	START	1586359622056	1586359622056
USER	Fixed Duration Load Simulation	5	START	1586359622060	1586359622060
USER	Fixed Duration Load Simulation	7	START	1586359622059	1586359622059
USER	Fixed Duration Load Simulation	11	START	1586359622062	1586359622062
USER	Fixed Duration Load Simulation	12	START	1586359622573	1586359622573
REQUEST	11		Get all video games	1586359622211	1586359622533	OK	 
REQUEST	1		Get all video games	1586359622208	1586359622531	OK	 
REQUEST	10		Get all video games	1586359622208	1586359622701	OK	 
REQUEST	5		Get all video games	1586359622213	1586359622759	OK	 
REQUEST	8		Get all video games	1586359622210	1586359622823	OK	 
REQUEST	2		Get all video games	1586359622213	1586359622828	OK	 
USER	Fixed Duration Load Simulation	13	START	1586359623044	1586359623044
REQUEST	6		Get all video games	1586359622212	1586359623146	OK	 
REQUEST	3		Get all video games	1586359622208	1586359623148	OK	 
REQUEST	7		Get all video games	1586359622208	1586359623162	OK	 
REQUEST	4		Get all video games	1586359622210	1586359623171	OK	 
REQUEST	9		Get all video games	1586359622214	1586359623181	OK	 
REQUEST	13		Get all video games	1586359623045	1586359623196	OK	 
REQUEST	12		Get all video games	1586359622582	1586359623196	OK	 
USER	Fixed Duration Load Simulation	14	START	1586359623554	1586359623554
REQUEST	14		Get all video games	1586359623556	1586359623627	OK	 
USER	Fixed Duration Load Simulation	15	START	1586359624045	1586359624045
REQUEST	15		Get all video games	1586359624047	1586359624062	OK	 
USER	Fixed Duration Load Simulation	16	START	1586359625057	1586359625057
REQUEST	16		Get all video games	1586359625058	1586359625066	OK	 
USER	Fixed Duration Load Simulation	17	START	1586359625545	1586359625545
REQUEST	17		Get all video games	1586359625546	1586359625559	OK	 
USER	Fixed Duration Load Simulation	18	START	1586359626044	1586359626044
REQUEST	18		Get all video games	1586359626045	1586359626061	OK	 
USER	Fixed Duration Load Simulation	19	START	1586359626555	1586359626555
REQUEST	19		Get all video games	1586359626556	1586359626563	OK	 
USER	Fixed Duration Load Simulation	20	START	1586359627058	1586359627058
REQUEST	20		Get all video games	1586359627059	1586359627065	OK	 
REQUEST	11		Get specific game	1586359627587	1586359627592	OK	 
REQUEST	1		Get specific game	1586359627618	1586359627622	OK	 
REQUEST	10		Get specific game	1586359627716	1586359627721	OK	 
REQUEST	5		Get specific game	1586359627767	1586359627772	OK	 
REQUEST	8		Get specific game	1586359627834	1586359627838	OK	 
REQUEST	2		Get specific game	1586359627844	1586359627848	OK	 
USER	Fixed Duration Load Simulation	21	START	1586359628048	1586359628048
REQUEST	21		Get all video games	1586359628049	1586359628056	OK	 
REQUEST	6		Get specific game	1586359628154	1586359628162	OK	 
REQUEST	7		Get specific game	1586359628174	1586359628184	OK	 
REQUEST	3		Get specific game	1586359628174	1586359628185	OK	 
REQUEST	4		Get specific game	1586359628196	1586359628211	OK	 
REQUEST	9		Get specific game	1586359628196	1586359628211	OK	 
REQUEST	13		Get specific game	1586359628217	1586359628225	OK	 
REQUEST	12		Get specific game	1586359628217	1586359628225	OK	 
USER	Fixed Duration Load Simulation	22	START	1586359628535	1586359628535
REQUEST	22		Get all video games	1586359628536	1586359628544	OK	 
REQUEST	14		Get specific game	1586359628646	1586359628651	OK	 
USER	Fixed Duration Load Simulation	23	START	1586359629033	1586359629033
REQUEST	23		Get all video games	1586359629036	1586359629047	OK	 
REQUEST	15		Get specific game	1586359629077	1586359629081	OK	 
USER	Fixed Duration Load Simulation	24	START	1586359629557	1586359629557
REQUEST	24		Get all video games	1586359629558	1586359629570	OK	 
USER	Fixed Duration Load Simulation	25	START	1586359630055	1586359630055
REQUEST	25		Get all video games	1586359630056	1586359630063	OK	 
REQUEST	16		Get specific game	1586359630077	1586359630081	OK	 
REQUEST	17		Get specific game	1586359630576	1586359630580	OK	 
USER	Fixed Duration Load Simulation	26	START	1586359631054	1586359631054
REQUEST	26		Get all video games	1586359631055	1586359631063	OK	 
REQUEST	18		Get specific game	1586359631077	1586359631082	OK	 
USER	Fixed Duration Load Simulation	27	START	1586359631555	1586359631555
REQUEST	27		Get all video games	1586359631555	1586359631562	OK	 
REQUEST	19		Get specific game	1586359631576	1586359631581	OK	 
USER	Fixed Duration Load Simulation	28	START	1586359632057	1586359632057
REQUEST	28		Get all video games	1586359632058	1586359632064	OK	 
REQUEST	20		Get specific game	1586359632078	1586359632082	OK	 
USER	Fixed Duration Load Simulation	29	START	1586359632554	1586359632554
REQUEST	29		Get all video games	1586359632555	1586359632563	OK	 
REQUEST	11		Get all video games	1586359632586	1586359632594	OK	 
REQUEST	11		Get all video games	1586359632595	1586359632602	OK	 
REQUEST	1		Get all video games	1586359632609	1586359632618	OK	 
REQUEST	1		Get all video games	1586359632619	1586359632626	OK	 
REQUEST	10		Get all video games	1586359632728	1586359632736	OK	 
REQUEST	10		Get all video games	1586359632739	1586359632748	OK	 
REQUEST	5		Get all video games	1586359632786	1586359632795	OK	 
REQUEST	5		Get all video games	1586359632797	1586359632802	OK	 
REQUEST	8		Get all video games	1586359632836	1586359632841	OK	 
REQUEST	8		Get all video games	1586359632842	1586359632846	OK	 
REQUEST	2		Get all video games	1586359632857	1586359632861	OK	 
REQUEST	2		Get all video games	1586359632862	1586359632865	OK	 
USER	Fixed Duration Load Simulation	30	START	1586359633053	1586359633053
REQUEST	30		Get all video games	1586359633054	1586359633062	OK	 
REQUEST	21		Get specific game	1586359633064	1586359633069	OK	 
REQUEST	6		Get all video games	1586359633174	1586359633180	OK	 
REQUEST	6		Get all video games	1586359633181	1586359633186	OK	 
REQUEST	3		Get all video games	1586359633185	1586359633189	OK	 
REQUEST	3		Get all video games	1586359633190	1586359633194	OK	 
REQUEST	7		Get all video games	1586359633195	1586359633199	OK	 
REQUEST	7		Get all video games	1586359633200	1586359633204	OK	 
REQUEST	4		Get all video games	1586359633206	1586359633211	OK	 
REQUEST	4		Get all video games	1586359633212	1586359633216	OK	 
REQUEST	12		Get all video games	1586359633217	1586359633223	OK	 
REQUEST	9		Get all video games	1586359633217	1586359633223	OK	 
REQUEST	13		Get all video games	1586359633217	1586359633224	OK	 
REQUEST	9		Get all video games	1586359633224	1586359633230	OK	 
REQUEST	13		Get all video games	1586359633225	1586359633230	OK	 
REQUEST	12		Get all video games	1586359633224	1586359633231	OK	 
REQUEST	22		Get specific game	1586359633559	1586359633565	OK	 
REQUEST	14		Get all video games	1586359633656	1586359633662	OK	 
REQUEST	14		Get all video games	1586359633663	1586359633668	OK	 
USER	Fixed Duration Load Simulation	31	START	1586359634060	1586359634060
REQUEST	31		Get all video games	1586359634061	1586359634069	OK	 
REQUEST	23		Get specific game	1586359634064	1586359634069	OK	 
REQUEST	15		Get all video games	1586359634083	1586359634088	OK	 
REQUEST	15		Get all video games	1586359634089	1586359634095	OK	 
USER	Fixed Duration Load Simulation	32	START	1586359634545	1586359634545
REQUEST	32		Get all video games	1586359634546	1586359634550	OK	 
REQUEST	24		Get specific game	1586359634578	1586359634582	OK	 
USER	Fixed Duration Load Simulation	33	START	1586359635046	1586359635046
REQUEST	33		Get all video games	1586359635047	1586359635053	OK	 
REQUEST	25		Get specific game	1586359635079	1586359635083	OK	 
REQUEST	16		Get all video games	1586359635083	1586359635087	OK	 
REQUEST	16		Get all video games	1586359635088	1586359635092	OK	 
USER	Fixed Duration Load Simulation	34	START	1586359635544	1586359635544
REQUEST	34		Get all video games	1586359635544	1586359635552	OK	 
REQUEST	17		Get all video games	1586359635587	1586359635591	OK	 
REQUEST	17		Get all video games	1586359635592	1586359635597	OK	 
USER	Fixed Duration Load Simulation	35	START	1586359636048	1586359636048
REQUEST	35		Get all video games	1586359636049	1586359636053	OK	 
REQUEST	26		Get specific game	1586359636073	1586359636077	OK	 
REQUEST	18		Get all video games	1586359636083	1586359636087	OK	 
REQUEST	18		Get all video games	1586359636088	1586359636091	OK	 
REQUEST	27		Get specific game	1586359636576	1586359636581	OK	 
REQUEST	19		Get all video games	1586359636586	1586359636590	OK	 
REQUEST	19		Get all video games	1586359636591	1586359636595	OK	 
USER	Fixed Duration Load Simulation	36	START	1586359637035	1586359637035
REQUEST	36		Get all video games	1586359637037	1586359637045	OK	 
REQUEST	28		Get specific game	1586359637078	1586359637082	OK	 
REQUEST	20		Get all video games	1586359637089	1586359637092	OK	 
REQUEST	20		Get all video games	1586359637093	1586359637097	OK	 
USER	Fixed Duration Load Simulation	37	START	1586359637556	1586359637556
REQUEST	37		Get all video games	1586359637556	1586359637564	OK	 
REQUEST	29		Get specific game	1586359637578	1586359637583	OK	 
REQUEST	11		Get specific game	1586359637603	1586359637608	OK	 
REQUEST	1		Get specific game	1586359637624	1586359637629	OK	 
REQUEST	10		Get specific game	1586359637739	1586359637749	OK	 
REQUEST	5		Get specific game	1586359637796	1586359637808	OK	 
REQUEST	8		Get specific game	1586359637859	1586359637866	OK	 
REQUEST	2		Get specific game	1586359637859	1586359637866	OK	 
USER	Fixed Duration Load Simulation	38	START	1586359638055	1586359638055
REQUEST	38		Get all video games	1586359638055	1586359638061	OK	 
REQUEST	30		Get specific game	1586359638076	1586359638080	OK	 
REQUEST	21		Get all video games	1586359638086	1586359638090	OK	 
REQUEST	21		Get all video games	1586359638091	1586359638094	OK	 
REQUEST	6		Get specific game	1586359638194	1586359638202	OK	 
REQUEST	7		Get specific game	1586359638194	1586359638204	OK	 
REQUEST	3		Get specific game	1586359638194	1586359638204	OK	 
REQUEST	4		Get specific game	1586359638215	1586359638220	OK	 
REQUEST	9		Get specific game	1586359638225	1586359638230	OK	 
REQUEST	13		Get specific game	1586359638236	1586359638241	OK	 
REQUEST	12		Get specific game	1586359638236	1586359638242	OK	 
USER	Fixed Duration Load Simulation	39	START	1586359638554	1586359638554
REQUEST	39		Get all video games	1586359638555	1586359638560	OK	 
REQUEST	22		Get all video games	1586359638566	1586359638571	OK	 
REQUEST	22		Get all video games	1586359638572	1586359638575	OK	 
REQUEST	14		Get specific game	1586359638665	1586359638670	OK	 
USER	Fixed Duration Load Simulation	40	START	1586359639055	1586359639055
REQUEST	40		Get all video games	1586359639055	1586359639061	OK	 
REQUEST	23		Get all video games	1586359639066	1586359639071	OK	 
REQUEST	23		Get all video games	1586359639072	1586359639075	OK	 
REQUEST	31		Get specific game	1586359639077	1586359639081	OK	 
REQUEST	15		Get specific game	1586359639108	1586359639111	OK	 
REQUEST	32		Get specific game	1586359639564	1586359639574	OK	 
REQUEST	24		Get all video games	1586359639594	1586359639599	OK	 
REQUEST	24		Get all video games	1586359639600	1586359639605	OK	 
USER	Fixed Duration Load Simulation	41	START	1586359640056	1586359640056
REQUEST	41		Get all video games	1586359640056	1586359640062	OK	 
REQUEST	33		Get specific game	1586359640068	1586359640073	OK	 
REQUEST	16		Get specific game	1586359640087	1586359640091	OK	 
REQUEST	25		Get all video games	1586359640087	1586359640091	OK	 
REQUEST	25		Get all video games	1586359640092	1586359640095	OK	 
USER	Fixed Duration Load Simulation	42	START	1586359640545	1586359640545
REQUEST	42		Get all video games	1586359640546	1586359640552	OK	 
REQUEST	34		Get specific game	1586359640567	1586359640572	OK	 
REQUEST	17		Get specific game	1586359640598	1586359640609	OK	 
USER	Fixed Duration Load Simulation	43	START	1586359641046	1586359641046
REQUEST	43		Get all video games	1586359641047	1586359641054	OK	 
REQUEST	35		Get specific game	1586359641068	1586359641073	OK	 
REQUEST	26		Get all video games	1586359641078	1586359641081	OK	 
REQUEST	26		Get all video games	1586359641082	1586359641085	OK	 
REQUEST	18		Get specific game	1586359641088	1586359641091	OK	 
USER	Fixed Duration Load Simulation	44	START	1586359641553	1586359641553
REQUEST	44		Get all video games	1586359641555	1586359641565	OK	 
REQUEST	27		Get all video games	1586359641586	1586359641592	OK	 
REQUEST	27		Get all video games	1586359641592	1586359641596	OK	 
REQUEST	19		Get specific game	1586359641607	1586359641611	OK	 
USER	Fixed Duration Load Simulation	45	START	1586359642057	1586359642057
REQUEST	45		Get all video games	1586359642058	1586359642063	OK	 
REQUEST	36		Get specific game	1586359642067	1586359642072	OK	 
REQUEST	28		Get all video games	1586359642087	1586359642091	OK	 
REQUEST	28		Get all video games	1586359642092	1586359642095	OK	 
REQUEST	20		Get specific game	1586359642098	1586359642101	OK	 
REQUEST	37		Get specific game	1586359642574	1586359642579	OK	 
REQUEST	29		Get all video games	1586359642585	1586359642590	OK	 
REQUEST	29		Get all video games	1586359642590	1586359642595	OK	 
REQUEST	11		Get all video games	1586359642607	1586359642612	OK	 
REQUEST	11		Get all video games	1586359642612	1586359642616	OK	 
REQUEST	1		Get all video games	1586359642639	1586359642644	OK	 
REQUEST	1		Get all video games	1586359642644	1586359642648	OK	 
REQUEST	10		Get all video games	1586359642745	1586359642753	OK	 
REQUEST	10		Get all video games	1586359642754	1586359642762	OK	 
REQUEST	5		Get all video games	1586359642813	1586359642817	OK	 
REQUEST	5		Get all video games	1586359642817	1586359642821	OK	 
REQUEST	8		Get all video games	1586359642856	1586359642860	OK	 
REQUEST	8		Get all video games	1586359642861	1586359642864	OK	 
REQUEST	2		Get all video games	1586359642867	1586359642872	OK	 
REQUEST	2		Get all video games	1586359642873	1586359642877	OK	 
USER	Fixed Duration Load Simulation	46	START	1586359643058	1586359643058
REQUEST	46		Get all video games	1586359643060	1586359643066	OK	 
REQUEST	38		Get specific game	1586359643074	1586359643078	OK	 
REQUEST	30		Get all video games	1586359643084	1586359643088	OK	 
REQUEST	21		Get specific game	1586359643084	1586359643088	OK	 
REQUEST	30		Get all video games	1586359643089	1586359643092	OK	 
REQUEST	6		Get all video games	1586359643193	1586359643198	OK	 
REQUEST	6		Get all video games	1586359643198	1586359643201	OK	 
REQUEST	3		Get all video games	1586359643204	1586359643208	OK	 
REQUEST	3		Get all video games	1586359643209	1586359643213	OK	 
REQUEST	7		Get all video games	1586359643214	1586359643217	OK	 
REQUEST	7		Get all video games	1586359643218	1586359643222	OK	 
REQUEST	4		Get all video games	1586359643224	1586359643228	OK	 
REQUEST	4		Get all video games	1586359643228	1586359643232	OK	 
REQUEST	9		Get all video games	1586359643234	1586359643237	OK	 
REQUEST	9		Get all video games	1586359643238	1586359643243	OK	 
REQUEST	13		Get all video games	1586359643244	1586359643248	OK	 
REQUEST	12		Get all video games	1586359643244	1586359643248	OK	 
REQUEST	13		Get all video games	1586359643248	1586359643252	OK	 
REQUEST	12		Get all video games	1586359643248	1586359643252	OK	 
USER	Fixed Duration Load Simulation	47	START	1586359643533	1586359643533
REQUEST	47		Get all video games	1586359643534	1586359643541	OK	 
REQUEST	39		Get specific game	1586359643576	1586359643580	OK	 
REQUEST	22		Get specific game	1586359643576	1586359643581	OK	 
REQUEST	14		Get all video games	1586359643679	1586359643689	OK	 
REQUEST	14		Get all video games	1586359643690	1586359643696	OK	 
USER	Fixed Duration Load Simulation	48	START	1586359644038	1586359644038
REQUEST	48		Get all video games	1586359644040	1586359644051	OK	 
REQUEST	23		Get specific game	1586359644076	1586359644081	OK	 
REQUEST	40		Get specific game	1586359644076	1586359644081	OK	 
REQUEST	31		Get all video games	1586359644098	1586359644102	OK	 
REQUEST	31		Get all video games	1586359644102	1586359644106	OK	 
REQUEST	15		Get all video games	1586359644108	1586359644112	OK	 
REQUEST	15		Get all video games	1586359644112	1586359644115	OK	 
USER	Fixed Duration Load Simulation	49	START	1586359644553	1586359644553
REQUEST	49		Get all video games	1586359644554	1586359644559	OK	 
REQUEST	32		Get all video games	1586359644585	1586359644590	OK	 
REQUEST	32		Get all video games	1586359644591	1586359644598	OK	 
REQUEST	24		Get specific game	1586359644606	1586359644612	OK	 
USER	Fixed Duration Load Simulation	50	START	1586359645054	1586359645054
REQUEST	50		Get all video games	1586359645055	1586359645061	OK	 
REQUEST	33		Get all video games	1586359645076	1586359645080	OK	 
REQUEST	41		Get specific game	1586359645076	1586359645080	OK	 
REQUEST	33		Get all video games	1586359645080	1586359645083	OK	 
REQUEST	25		Get specific game	1586359645087	1586359645090	OK	 
REQUEST	16		Get all video games	1586359645108	1586359645112	OK	 
REQUEST	16		Get all video games	1586359645112	1586359645115	OK	 
REQUEST	42		Get specific game	1586359645568	1586359645571	OK	 
REQUEST	34		Get all video games	1586359645578	1586359645581	OK	 
REQUEST	34		Get all video games	1586359645581	1586359645584	OK	 
REQUEST	17		Get all video games	1586359645603	1586359645607	OK	 
REQUEST	17		Get all video games	1586359645608	1586359645611	OK	 
USER	Fixed Duration Load Simulation	51	START	1586359646053	1586359646053
REQUEST	51		Get all video games	1586359646054	1586359646060	OK	 
REQUEST	43		Get specific game	1586359646065	1586359646070	OK	 
REQUEST	35		Get all video games	1586359646075	1586359646081	OK	 
REQUEST	35		Get all video games	1586359646081	1586359646086	OK	 
REQUEST	26		Get specific game	1586359646086	1586359646090	OK	 
REQUEST	18		Get all video games	1586359646097	1586359646102	OK	 
REQUEST	18		Get all video games	1586359646103	1586359646107	OK	 
USER	Fixed Duration Load Simulation	52	START	1586359646557	1586359646557
REQUEST	52		Get all video games	1586359646557	1586359646563	OK	 
REQUEST	44		Get specific game	1586359646583	1586359646587	OK	 
REQUEST	27		Get specific game	1586359646594	1586359646599	OK	 
REQUEST	19		Get all video games	1586359646604	1586359646607	OK	 
REQUEST	19		Get all video games	1586359646608	1586359646611	OK	 
USER	Fixed Duration Load Simulation	53	START	1586359647056	1586359647056
REQUEST	53		Get all video games	1586359647057	1586359647062	OK	 
REQUEST	36		Get all video games	1586359647066	1586359647070	OK	 
REQUEST	36		Get all video games	1586359647071	1586359647074	OK	 
REQUEST	45		Get specific game	1586359647077	1586359647081	OK	 
REQUEST	28		Get specific game	1586359647087	1586359647091	OK	 
REQUEST	20		Get all video games	1586359647098	1586359647102	OK	 
REQUEST	20		Get all video games	1586359647103	1586359647106	OK	 
USER	Fixed Duration Load Simulation	54	START	1586359647558	1586359647558
REQUEST	54		Get all video games	1586359647558	1586359647566	OK	 
REQUEST	37		Get all video games	1586359647598	1586359647602	OK	 
REQUEST	29		Get specific game	1586359647598	1586359647604	OK	 
REQUEST	37		Get all video games	1586359647603	1586359647607	OK	 
REQUEST	11		Get specific game	1586359647613	1586359647617	OK	 
REQUEST	1		Get specific game	1586359647634	1586359647639	OK	 
REQUEST	10		Get specific game	1586359647774	1586359647778	OK	 
REQUEST	5		Get specific game	1586359647817	1586359647824	OK	 
REQUEST	8		Get specific game	1586359647869	1586359647876	OK	 
REQUEST	2		Get specific game	1586359647884	1586359647890	OK	 
USER	Fixed Duration Load Simulation	55	START	1586359648053	1586359648053
REQUEST	55		Get all video games	1586359648054	1586359648058	OK	 
REQUEST	38		Get all video games	1586359648086	1586359648089	OK	 
REQUEST	46		Get specific game	1586359648086	1586359648090	OK	 
REQUEST	38		Get all video games	1586359648090	1586359648093	OK	 
REQUEST	30		Get specific game	1586359648096	1586359648102	OK	 
REQUEST	21		Get all video games	1586359648096	1586359648102	OK	 
REQUEST	21		Get all video games	1586359648103	1586359648107	OK	 
REQUEST	3		Get specific game	1586359648205	1586359648210	OK	 
REQUEST	6		Get specific game	1586359648205	1586359648210	OK	 
REQUEST	7		Get specific game	1586359648216	1586359648221	OK	 
REQUEST	4		Get specific game	1586359648226	1586359648231	OK	 
REQUEST	13		Get specific game	1586359648248	1586359648252	OK	 
REQUEST	9		Get specific game	1586359648248	1586359648252	OK	 
REQUEST	12		Get specific game	1586359648258	1586359648261	OK	 
REQUEST	47		Get specific game	1586359648558	1586359648561	OK	 
REQUEST	39		Get all video games	1586359648583	1586359648588	OK	 
REQUEST	22		Get all video games	1586359648583	1586359648588	OK	 
REQUEST	22		Get all video games	1586359648588	1586359648591	OK	 
REQUEST	39		Get all video games	1586359648588	1586359648592	OK	 
REQUEST	14		Get specific game	1586359648695	1586359648699	OK	 
USER	Fixed Duration Load Simulation	56	START	1586359649057	1586359649057
REQUEST	56		Get all video games	1586359649058	1586359649063	OK	 
REQUEST	48		Get specific game	1586359649068	1586359649072	OK	 
REQUEST	40		Get all video games	1586359649089	1586359649093	OK	 
REQUEST	23		Get all video games	1586359649089	1586359649093	OK	 
REQUEST	40		Get all video games	1586359649094	1586359649097	OK	 
REQUEST	23		Get all video games	1586359649094	1586359649099	OK	 
REQUEST	31		Get specific game	1586359649093	1586359649099	OK	 
REQUEST	15		Get specific game	1586359649104	1586359649108	OK	 
USER	Fixed Duration Load Simulation	57	START	1586359649544	1586359649544
REQUEST	57		Get all video games	1586359649545	1586359649550	OK	 
REQUEST	49		Get specific game	1586359649576	1586359649580	OK	 
REQUEST	32		Get specific game	1586359649597	1586359649602	OK	 
REQUEST	24		Get all video games	1586359649608	1586359649612	OK	 
REQUEST	24		Get all video games	1586359649612	1586359649616	OK	 
USER	Fixed Duration Load Simulation	58	START	1586359650043	1586359650043
REQUEST	58		Get all video games	1586359650044	1586359650051	OK	 
REQUEST	50		Get specific game	1586359650074	1586359650077	OK	 
REQUEST	41		Get all video games	1586359650084	1586359650087	OK	 
REQUEST	33		Get specific game	1586359650084	1586359650087	OK	 
REQUEST	41		Get all video games	1586359650088	1586359650091	OK	 
REQUEST	25		Get all video games	1586359650095	1586359650098	OK	 
REQUEST	25		Get all video games	1586359650099	1586359650103	OK	 
REQUEST	16		Get specific game	1586359650106	1586359650109	OK	 
USER	Fixed Duration Load Simulation	59	START	1586359650558	1586359650558
REQUEST	59		Get all video games	1586359650559	1586359650565	OK	 
REQUEST	42		Get all video games	1586359650574	1586359650578	OK	 
REQUEST	42		Get all video games	1586359650578	1586359650582	OK	 
REQUEST	34		Get specific game	1586359650584	1586359650588	OK	 
REQUEST	17		Get specific game	1586359650605	1586359650608	OK	 
USER	Fixed Duration Load Simulation	60	START	1586359651054	1586359651054
REQUEST	60		Get all video games	1586359651055	1586359651062	OK	 
REQUEST	51		Get specific game	1586359651075	1586359651079	OK	 
REQUEST	43		Get all video games	1586359651075	1586359651080	OK	 
REQUEST	43		Get all video games	1586359651080	1586359651083	OK	 
REQUEST	35		Get specific game	1586359651096	1586359651100	OK	 
REQUEST	26		Get all video games	1586359651096	1586359651100	OK	 
REQUEST	26		Get all video games	1586359651101	1586359651105	OK	 
REQUEST	18		Get specific game	1586359651107	1586359651110	OK	 
REQUEST	52		Get specific game	1586359651573	1586359651578	OK	 
REQUEST	44		Get all video games	1586359651594	1586359651598	OK	 
REQUEST	44		Get all video games	1586359651599	1586359651603	OK	 
REQUEST	19		Get specific game	1586359651605	1586359651610	OK	 
REQUEST	27		Get all video games	1586359651605	1586359651610	OK	 
REQUEST	27		Get all video games	1586359651611	1586359651615	OK	 
REQUEST	36		Get specific game	1586359652078	1586359652089	OK	 
REQUEST	53		Get specific game	1586359652078	1586359652089	OK	 
REQUEST	45		Get all video games	1586359652088	1586359652093	OK	 
REQUEST	45		Get all video games	1586359652094	1586359652098	OK	 
REQUEST	28		Get all video games	1586359652098	1586359652104	OK	 
REQUEST	28		Get all video games	1586359652105	1586359652117	OK	 
REQUEST	20		Get specific game	1586359652110	1586359652116	OK	 
REQUEST	54		Get specific game	1586359652574	1586359652578	OK	 
REQUEST	37		Get specific game	1586359652596	1586359652601	OK	 
REQUEST	29		Get all video games	1586359652596	1586359652601	OK	 
REQUEST	29		Get all video games	1586359652601	1586359652605	OK	 
REQUEST	11		Get all video games	1586359652617	1586359652621	OK	 
REQUEST	11		Get all video games	1586359652621	1586359652625	OK	 
REQUEST	1		Get all video games	1586359652659	1586359652663	OK	 
REQUEST	1		Get all video games	1586359652664	1586359652667	OK	 
REQUEST	10		Get all video games	1586359652777	1586359652781	OK	 
REQUEST	10		Get all video games	1586359652782	1586359652786	OK	 
REQUEST	5		Get all video games	1586359652829	1586359652833	OK	 
REQUEST	5		Get all video games	1586359652833	1586359652836	OK	 
REQUEST	8		Get all video games	1586359652875	1586359652880	OK	 
REQUEST	2		Get all video games	1586359652875	1586359652880	OK	 
REQUEST	2		Get all video games	1586359652881	1586359652885	OK	 
REQUEST	8		Get all video games	1586359652881	1586359652886	OK	 
REQUEST	55		Get specific game	1586359653074	1586359653078	OK	 
REQUEST	46		Get all video games	1586359653084	1586359653087	OK	 
REQUEST	38		Get specific game	1586359653084	1586359653088	OK	 
REQUEST	46		Get all video games	1586359653088	1586359653090	OK	 
REQUEST	30		Get all video games	1586359653094	1586359653097	OK	 
REQUEST	30		Get all video games	1586359653097	1586359653100	OK	 
REQUEST	21		Get specific game	1586359653105	1586359653109	OK	 
REQUEST	6		Get all video games	1586359653203	1586359653208	OK	 
REQUEST	6		Get all video games	1586359653208	1586359653212	OK	 
REQUEST	3		Get all video games	1586359653214	1586359653217	OK	 
REQUEST	3		Get all video games	1586359653218	1586359653221	OK	 
REQUEST	7		Get all video games	1586359653225	1586359653228	OK	 
REQUEST	7		Get all video games	1586359653229	1586359653231	OK	 
REQUEST	4		Get all video games	1586359653235	1586359653239	OK	 
REQUEST	4		Get all video games	1586359653239	1586359653243	OK	 
REQUEST	9		Get all video games	1586359653246	1586359653249	OK	 
REQUEST	9		Get all video games	1586359653249	1586359653252	OK	 
REQUEST	13		Get all video games	1586359653256	1586359653259	OK	 
REQUEST	12		Get all video games	1586359653256	1586359653260	OK	 
REQUEST	13		Get all video games	1586359653260	1586359653263	OK	 
REQUEST	12		Get all video games	1586359653260	1586359653264	OK	 
REQUEST	47		Get all video games	1586359653565	1586359653568	OK	 
REQUEST	47		Get all video games	1586359653568	1586359653571	OK	 
REQUEST	39		Get specific game	1586359653586	1586359653590	OK	 
REQUEST	22		Get specific game	1586359653586	1586359653590	OK	 
REQUEST	14		Get all video games	1586359653695	1586359653699	OK	 
REQUEST	14		Get all video games	1586359653700	1586359653703	OK	 
REQUEST	48		Get all video games	1586359654078	1586359654084	OK	 
REQUEST	56		Get specific game	1586359654077	1586359654084	OK	 
REQUEST	48		Get all video games	1586359654084	1586359654089	OK	 
REQUEST	23		Get specific game	1586359654098	1586359654103	OK	 
REQUEST	40		Get specific game	1586359654098	1586359654103	OK	 
REQUEST	31		Get all video games	1586359654108	1586359654111	OK	 
REQUEST	31		Get all video games	1586359654112	1586359654114	OK	 
REQUEST	15		Get all video games	1586359654119	1586359654122	OK	 
REQUEST	15		Get all video games	1586359654122	1586359654126	OK	 
REQUEST	57		Get specific game	1586359654563	1586359654567	OK	 
REQUEST	49		Get all video games	1586359654583	1586359654587	OK	 
REQUEST	49		Get all video games	1586359654587	1586359654591	OK	 
REQUEST	32		Get all video games	1586359654594	1586359654598	OK	 
REQUEST	32		Get all video games	1586359654598	1586359654601	OK	 
REQUEST	24		Get specific game	1586359654614	1586359654618	OK	 
REQUEST	58		Get specific game	1586359655065	1586359655069	OK	 
REQUEST	50		Get all video games	1586359655085	1586359655088	OK	 
REQUEST	50		Get all video games	1586359655089	1586359655092	OK	 
REQUEST	41		Get specific game	1586359655096	1586359655100	OK	 
REQUEST	33		Get all video games	1586359655096	1586359655100	OK	 
REQUEST	33		Get all video games	1586359655101	1586359655104	OK	 
REQUEST	25		Get specific game	1586359655107	1586359655111	OK	 
REQUEST	16		Get all video games	1586359655118	1586359655122	OK	 
REQUEST	16		Get all video games	1586359655122	1586359655129	OK	 
REQUEST	42		Get specific game	1586359655583	1586359655587	OK	 
REQUEST	59		Get specific game	1586359655583	1586359655587	OK	 
REQUEST	34		Get all video games	1586359655594	1586359655597	OK	 
REQUEST	34		Get all video games	1586359655598	1586359655601	OK	 
REQUEST	17		Get all video games	1586359655614	1586359655617	OK	 
REQUEST	17		Get all video games	1586359655617	1586359655620	OK	 
REQUEST	60		Get specific game	1586359656076	1586359656080	OK	 
REQUEST	43		Get specific game	1586359656086	1586359656091	OK	 
REQUEST	51		Get all video games	1586359656086	1586359656091	OK	 
REQUEST	51		Get all video games	1586359656092	1586359656101	OK	 
REQUEST	35		Get all video games	1586359656099	1586359656104	OK	 
REQUEST	26		Get specific game	1586359656103	1586359656111	OK	 
REQUEST	18		Get all video games	1586359656103	1586359656111	OK	 
REQUEST	35		Get all video games	1586359656105	1586359656111	OK	 
REQUEST	18		Get all video games	1586359656112	1586359656115	OK	 
REQUEST	52		Get all video games	1586359656578	1586359656581	OK	 
REQUEST	52		Get all video games	1586359656581	1586359656584	OK	 
REQUEST	44		Get specific game	1586359656598	1586359656602	OK	 
REQUEST	19		Get all video games	1586359656618	1586359656624	OK	 
REQUEST	27		Get specific game	1586359656618	1586359656625	OK	 
REQUEST	19		Get all video games	1586359656624	1586359656632	OK	 
REQUEST	53		Get all video games	1586359657098	1586359657102	OK	 
REQUEST	45		Get specific game	1586359657098	1586359657103	OK	 
REQUEST	36		Get all video games	1586359657098	1586359657103	OK	 
REQUEST	53		Get all video games	1586359657102	1586359657105	OK	 
REQUEST	36		Get all video games	1586359657104	1586359657106	OK	 
REQUEST	20		Get all video games	1586359657108	1586359657112	OK	 
REQUEST	20		Get all video games	1586359657112	1586359657115	OK	 
REQUEST	28		Get specific game	1586359657113	1586359657116	OK	 
REQUEST	54		Get all video games	1586359657596	1586359657601	OK	 
REQUEST	54		Get all video games	1586359657602	1586359657606	OK	 
REQUEST	37		Get all video games	1586359657607	1586359657612	OK	 
REQUEST	29		Get specific game	1586359657607	1586359657612	OK	 
REQUEST	37		Get all video games	1586359657613	1586359657617	OK	 
REQUEST	11		Get specific game	1586359657628	1586359657632	OK	 
REQUEST	1		Get specific game	1586359657663	1586359657668	OK	 
REQUEST	10		Get specific game	1586359657777	1586359657781	OK	 
REQUEST	5		Get specific game	1586359657827	1586359657832	OK	 
REQUEST	2		Get specific game	1586359657893	1586359657898	OK	 
REQUEST	8		Get specific game	1586359657893	1586359657899	OK	 
REQUEST	55		Get all video games	1586359658088	1586359658092	OK	 
REQUEST	55		Get all video games	1586359658093	1586359658098	OK	 
REQUEST	46		Get specific game	1586359658093	1586359658098	OK	 
REQUEST	38		Get all video games	1586359658093	1586359658101	OK	 
REQUEST	38		Get all video games	1586359658101	1586359658106	OK	 
REQUEST	21		Get all video games	1586359658103	1586359658108	OK	 
REQUEST	30		Get specific game	1586359658103	1586359658109	OK	 
REQUEST	21		Get all video games	1586359658108	1586359658112	OK	 
REQUEST	3		Get specific game	1586359658217	1586359658225	OK	 
REQUEST	6		Get specific game	1586359658217	1586359658226	OK	 
REQUEST	7		Get specific game	1586359658239	1586359658244	OK	 
REQUEST	4		Get specific game	1586359658243	1586359658247	OK	 
REQUEST	9		Get specific game	1586359658253	1586359658258	OK	 
REQUEST	13		Get specific game	1586359658253	1586359658258	OK	 
REQUEST	12		Get specific game	1586359658264	1586359658268	OK	 
REQUEST	47		Get specific game	1586359658566	1586359658570	OK	 
REQUEST	39		Get all video games	1586359658593	1586359658598	OK	 
REQUEST	22		Get all video games	1586359658593	1586359658598	OK	 
REQUEST	39		Get all video games	1586359658599	1586359658602	OK	 
REQUEST	22		Get all video games	1586359658599	1586359658603	OK	 
REQUEST	14		Get specific game	1586359658698	1586359658704	OK	 
REQUEST	56		Get all video games	1586359659086	1586359659089	OK	 
REQUEST	48		Get specific game	1586359659086	1586359659090	OK	 
REQUEST	56		Get all video games	1586359659090	1586359659093	OK	 
REQUEST	23		Get all video games	1586359659097	1586359659101	OK	 
REQUEST	40		Get all video games	1586359659097	1586359659101	OK	 
REQUEST	23		Get all video games	1586359659102	1586359659105	OK	 
REQUEST	40		Get all video games	1586359659102	1586359659105	OK	 
REQUEST	31		Get specific game	1586359659108	1586359659111	OK	 
REQUEST	15		Get specific game	1586359659118	1586359659121	OK	 
REQUEST	57		Get all video games	1586359659563	1586359659569	OK	 
REQUEST	57		Get all video games	1586359659569	1586359659573	OK	 
REQUEST	49		Get specific game	1586359659594	1586359659597	OK	 
REQUEST	32		Get specific game	1586359659605	1586359659608	OK	 
REQUEST	24		Get all video games	1586359659625	1586359659629	OK	 
REQUEST	24		Get all video games	1586359659629	1586359659632	OK	 
REQUEST	58		Get all video games	1586359660074	1586359660078	OK	 
REQUEST	58		Get all video games	1586359660079	1586359660083	OK	 
REQUEST	50		Get specific game	1586359660085	1586359660089	OK	 
REQUEST	33		Get specific game	1586359660095	1586359660101	OK	 
REQUEST	41		Get all video games	1586359660095	1586359660104	OK	 
REQUEST	41		Get all video games	1586359660105	1586359660108	OK	 
REQUEST	25		Get all video games	1586359660106	1586359660109	OK	 
REQUEST	25		Get all video games	1586359660109	1586359660112	OK	 
REQUEST	16		Get specific game	1586359660116	1586359660119	OK	 
REQUEST	34		Get specific game	1586359660595	1586359660602	OK	 
REQUEST	42		Get all video games	1586359660595	1586359660603	OK	 
REQUEST	59		Get all video games	1586359660595	1586359660604	OK	 
REQUEST	42		Get all video games	1586359660604	1586359660609	OK	 
REQUEST	59		Get all video games	1586359660604	1586359660611	OK	 
REQUEST	17		Get specific game	1586359660628	1586359660632	OK	 
REQUEST	60		Get all video games	1586359661084	1586359661088	OK	 
REQUEST	51		Get specific game	1586359661084	1586359661088	OK	 
REQUEST	60		Get all video games	1586359661088	1586359661091	OK	 
REQUEST	43		Get all video games	1586359661093	1586359661097	OK	 
REQUEST	43		Get all video games	1586359661097	1586359661100	OK	 
REQUEST	35		Get specific game	1586359661104	1586359661108	OK	 
REQUEST	26		Get all video games	1586359661114	1586359661118	OK	 
REQUEST	26		Get all video games	1586359661119	1586359661122	OK	 
REQUEST	18		Get specific game	1586359661125	1586359661128	OK	 
REQUEST	44		Get all video games	1586359661599	1586359661603	OK	 
REQUEST	52		Get specific game	1586359661599	1586359661603	OK	 
REQUEST	44		Get all video games	1586359661603	1586359661608	OK	 
REQUEST	27		Get all video games	1586359661613	1586359661617	OK	 
REQUEST	19		Get specific game	1586359661613	1586359661618	OK	 
REQUEST	27		Get all video games	1586359661618	1586359661620	OK	 
REQUEST	53		Get specific game	1586359662095	1586359662100	OK	 
REQUEST	36		Get specific game	1586359662095	1586359662101	OK	 
REQUEST	45		Get all video games	1586359662095	1586359662102	OK	 
REQUEST	45		Get all video games	1586359662103	1586359662108	OK	 
REQUEST	20		Get specific game	1586359662116	1586359662121	OK	 
REQUEST	28		Get all video games	1586359662116	1586359662122	OK	 
REQUEST	28		Get all video games	1586359662122	1586359662126	OK	 
REQUEST	54		Get specific game	1586359662595	1586359662598	OK	 
REQUEST	37		Get specific game	1586359662606	1586359662610	OK	 
REQUEST	29		Get all video games	1586359662616	1586359662619	OK	 
REQUEST	29		Get all video games	1586359662619	1586359662623	OK	 
REQUEST	11		Get all video games	1586359662638	1586359662642	OK	 
REQUEST	11		Get all video games	1586359662643	1586359662645	OK	 
REQUEST	1		Get all video games	1586359662658	1586359662662	OK	 
REQUEST	1		Get all video games	1586359662662	1586359662666	OK	 
REQUEST	10		Get all video games	1586359662789	1586359662795	OK	 
REQUEST	10		Get all video games	1586359662796	1586359662801	OK	 
REQUEST	5		Get all video games	1586359662835	1586359662839	OK	 
REQUEST	5		Get all video games	1586359662840	1586359662844	OK	 
REQUEST	8		Get all video games	1586359662897	1586359662904	OK	 
REQUEST	8		Get all video games	1586359662905	1586359662918	OK	 
REQUEST	2		Get all video games	1586359662910	1586359662918	OK	 
REQUEST	2		Get all video games	1586359662919	1586359662924	OK	 
REQUEST	55		Get specific game	1586359663088	1586359663093	OK	 
REQUEST	46		Get all video games	1586359663093	1586359663097	OK	 
REQUEST	46		Get all video games	1586359663098	1586359663102	OK	 
REQUEST	30		Get all video games	1586359663104	1586359663111	OK	 
REQUEST	38		Get specific game	1586359663105	1586359663112	OK	 
REQUEST	21		Get specific game	1586359663104	1586359663112	OK	 
REQUEST	30		Get all video games	1586359663111	1586359663116	OK	 
REQUEST	6		Get all video games	1586359663228	1586359663237	OK	 
REQUEST	3		Get all video games	1586359663228	1586359663239	OK	 
REQUEST	6		Get all video games	1586359663239	1586359663249	OK	 
REQUEST	3		Get all video games	1586359663240	1586359663251	OK	 
REQUEST	7		Get all video games	1586359663240	1586359663252	OK	 
REQUEST	4		Get all video games	1586359663244	1586359663253	OK	 
REQUEST	7		Get all video games	1586359663252	1586359663257	OK	 
REQUEST	4		Get all video games	1586359663254	1586359663258	OK	 
REQUEST	9		Get all video games	1586359663263	1586359663269	OK	 
REQUEST	13		Get all video games	1586359663263	1586359663269	OK	 
REQUEST	13		Get all video games	1586359663269	1586359663279	OK	 
REQUEST	9		Get all video games	1586359663269	1586359663281	OK	 
REQUEST	12		Get all video games	1586359663274	1586359663282	OK	 
REQUEST	12		Get all video games	1586359663282	1586359663285	OK	 
REQUEST	47		Get all video games	1586359663575	1586359663582	OK	 
REQUEST	47		Get all video games	1586359663583	1586359663586	OK	 
REQUEST	22		Get specific game	1586359663606	1586359663610	OK	 
REQUEST	39		Get specific game	1586359663606	1586359663610	OK	 
REQUEST	14		Get all video games	1586359663707	1586359663710	OK	 
REQUEST	14		Get all video games	1586359663710	1586359663713	OK	 
REQUEST	56		Get specific game	1586359664093	1586359664098	OK	 
REQUEST	48		Get all video games	1586359664093	1586359664102	OK	 
REQUEST	48		Get all video games	1586359664103	1586359664108	OK	 
REQUEST	23		Get specific game	1586359664103	1586359664109	OK	 
REQUEST	40		Get specific game	1586359664103	1586359664110	OK	 
REQUEST	31		Get all video games	1586359664113	1586359664117	OK	 
REQUEST	31		Get all video games	1586359664117	1586359664121	OK	 
REQUEST	15		Get all video games	1586359664123	1586359664127	OK	 
REQUEST	15		Get all video games	1586359664128	1586359664131	OK	 
REQUEST	57		Get specific game	1586359664583	1586359664588	OK	 
REQUEST	49		Get all video games	1586359664593	1586359664597	OK	 
REQUEST	49		Get all video games	1586359664598	1586359664600	OK	 
REQUEST	32		Get all video games	1586359664615	1586359664617	OK	 
REQUEST	32		Get all video games	1586359664617	1586359664620	OK	 
REQUEST	24		Get specific game	1586359664625	1586359664628	OK	 
REQUEST	58		Get specific game	1586359665076	1586359665079	OK	 
REQUEST	50		Get all video games	1586359665097	1586359665100	OK	 
REQUEST	50		Get all video games	1586359665101	1586359665104	OK	 
REQUEST	41		Get specific game	1586359665108	1586359665112	OK	 
REQUEST	33		Get all video games	1586359665108	1586359665113	OK	 
REQUEST	33		Get all video games	1586359665113	1586359665116	OK	 
REQUEST	25		Get specific game	1586359665118	1586359665122	OK	 
REQUEST	16		Get all video games	1586359665128	1586359665132	OK	 
REQUEST	16		Get all video games	1586359665132	1586359665136	OK	 
REQUEST	59		Get specific game	1586359665606	1586359665617	OK	 
REQUEST	42		Get specific game	1586359665606	1586359665618	OK	 
REQUEST	34		Get all video games	1586359665606	1586359665619	OK	 
REQUEST	34		Get all video games	1586359665620	1586359665626	OK	 
REQUEST	17		Get all video games	1586359665628	1586359665634	OK	 
REQUEST	17		Get all video games	1586359665635	1586359665642	OK	 
REQUEST	60		Get specific game	1586359666097	1586359666102	OK	 
REQUEST	43		Get specific game	1586359666097	1586359666104	OK	 
REQUEST	51		Get all video games	1586359666107	1586359666112	OK	 
REQUEST	51		Get all video games	1586359666112	1586359666116	OK	 
REQUEST	35		Get all video games	1586359666118	1586359666124	OK	 
REQUEST	26		Get specific game	1586359666118	1586359666125	OK	 
REQUEST	35		Get all video games	1586359666125	1586359666129	OK	 
REQUEST	18		Get all video games	1586359666128	1586359666132	OK	 
REQUEST	18		Get all video games	1586359666133	1586359666137	OK	 
REQUEST	52		Get all video games	1586359666596	1586359666604	OK	 
REQUEST	52		Get all video games	1586359666605	1586359666617	OK	 
REQUEST	44		Get specific game	1586359666605	1586359666618	OK	 
REQUEST	27		Get specific game	1586359666627	1586359666635	OK	 
REQUEST	19		Get all video games	1586359666637	1586359666645	OK	 
REQUEST	19		Get all video games	1586359666646	1586359666654	OK	 
REQUEST	53		Get all video games	1586359667106	1586359667115	OK	 
REQUEST	36		Get all video games	1586359667106	1586359667116	OK	 
REQUEST	53		Get all video games	1586359667116	1586359667125	OK	 
REQUEST	45		Get specific game	1586359667117	1586359667128	OK	 
REQUEST	36		Get all video games	1586359667116	1586359667128	OK	 
REQUEST	20		Get all video games	1586359667128	1586359667135	OK	 
REQUEST	20		Get all video games	1586359667136	1586359667142	OK	 
REQUEST	28		Get specific game	1586359667139	1586359667146	OK	 
REQUEST	54		Get all video games	1586359667604	1586359667612	OK	 
REQUEST	54		Get all video games	1586359667613	1586359667622	OK	 
REQUEST	37		Get all video games	1586359667614	1586359667623	OK	 
REQUEST	37		Get all video games	1586359667624	1586359667631	OK	 
REQUEST	29		Get specific game	1586359667625	1586359667632	OK	 
REQUEST	11		Get specific game	1586359667636	1586359667641	OK	 
REQUEST	1		Get specific game	1586359667667	1586359667670	OK	 
REQUEST	10		Get specific game	1586359667794	1586359667797	OK	 
REQUEST	5		Get specific game	1586359667845	1586359667853	OK	 
REQUEST	8		Get specific game	1586359667913	1586359667919	OK	 
REQUEST	2		Get specific game	1586359667913	1586359667919	OK	 
REQUEST	46		Get specific game	1586359668108	1586359668120	OK	 
REQUEST	55		Get all video games	1586359668108	1586359668121	OK	 
REQUEST	38		Get all video games	1586359668119	1586359668130	OK	 
REQUEST	55		Get all video games	1586359668122	1586359668138	OK	 
REQUEST	21		Get all video games	1586359668124	1586359668140	OK	 
REQUEST	30		Get specific game	1586359668124	1586359668141	OK	 
REQUEST	38		Get all video games	1586359668130	1586359668143	OK	 
REQUEST	21		Get all video games	1586359668141	1586359668146	OK	 
REQUEST	6		Get specific game	1586359668238	1586359668248	OK	 
REQUEST	3		Get specific game	1586359668249	1586359668260	OK	 
REQUEST	7		Get specific game	1586359668249	1586359668262	OK	 
REQUEST	4		Get specific game	1586359668254	1586359668264	OK	 
REQUEST	9		Get specific game	1586359668273	1586359668279	OK	 
REQUEST	13		Get specific game	1586359668284	1586359668290	OK	 
REQUEST	12		Get specific game	1586359668284	1586359668291	OK	 
REQUEST	47		Get specific game	1586359668585	1586359668590	OK	 
REQUEST	39		Get all video games	1586359668616	1586359668622	OK	 
REQUEST	22		Get all video games	1586359668616	1586359668622	OK	 
REQUEST	39		Get all video games	1586359668622	1586359668627	OK	 
REQUEST	22		Get all video games	1586359668623	1586359668628	OK	 
REQUEST	14		Get specific game	1586359668714	1586359668722	OK	 
REQUEST	56		Get all video games	1586359669107	1586359669112	OK	 
REQUEST	48		Get specific game	1586359669107	1586359669112	OK	 
REQUEST	56		Get all video games	1586359669112	1586359669115	OK	 
REQUEST	23		Get all video games	1586359669117	1586359669121	OK	 
REQUEST	40		Get all video games	1586359669117	1586359669121	OK	 
REQUEST	23		Get all video games	1586359669122	1586359669125	OK	 
REQUEST	40		Get all video games	1586359669122	1586359669125	OK	 
REQUEST	31		Get specific game	1586359669128	1586359669131	OK	 
REQUEST	15		Get specific game	1586359669138	1586359669141	OK	 
REQUEST	57		Get all video games	1586359669587	1586359669592	OK	 
REQUEST	57		Get all video games	1586359669593	1586359669597	OK	 
REQUEST	49		Get specific game	1586359669603	1586359669609	OK	 
REQUEST	32		Get specific game	1586359669613	1586359669617	OK	 
REQUEST	24		Get all video games	1586359669633	1586359669638	OK	 
REQUEST	24		Get all video games	1586359669638	1586359669642	OK	 
REQUEST	58		Get all video games	1586359670084	1586359670089	OK	 
REQUEST	58		Get all video games	1586359670089	1586359670092	OK	 
REQUEST	50		Get specific game	1586359670094	1586359670099	OK	 
REQUEST	41		Get all video games	1586359670105	1586359670109	OK	 
REQUEST	33		Get specific game	1586359670105	1586359670109	OK	 
REQUEST	41		Get all video games	1586359670110	1586359670113	OK	 
REQUEST	25		Get all video games	1586359670116	1586359670120	OK	 
REQUEST	25		Get all video games	1586359670120	1586359670123	OK	 
REQUEST	16		Get specific game	1586359670127	1586359670130	OK	 
REQUEST	42		Get all video games	1586359670621	1586359670634	OK	 
REQUEST	59		Get all video games	1586359670621	1586359670635	OK	 
REQUEST	34		Get specific game	1586359670621	1586359670635	OK	 
REQUEST	17		Get specific game	1586359670624	1586359670637	OK	 
REQUEST	42		Get all video games	1586359670634	1586359670642	OK	 
REQUEST	59		Get all video games	1586359670636	1586359670642	OK	 
REQUEST	60		Get all video games	1586359671095	1586359671101	OK	 
REQUEST	60		Get all video games	1586359671101	1586359671106	OK	 
REQUEST	51		Get specific game	1586359671106	1586359671112	OK	 
REQUEST	43		Get all video games	1586359671106	1586359671113	OK	 
REQUEST	43		Get all video games	1586359671113	1586359671118	OK	 
REQUEST	18		Get specific game	1586359671127	1586359671134	OK	 
REQUEST	26		Get all video games	1586359671127	1586359671136	OK	 
REQUEST	35		Get specific game	1586359671127	1586359671136	OK	 
REQUEST	26		Get all video games	1586359671136	1586359671141	OK	 
REQUEST	27		Get all video games	1586359671626	1586359671638	OK	 
REQUEST	44		Get all video games	1586359671626	1586359671639	OK	 
REQUEST	52		Get specific game	1586359671626	1586359671640	OK	 
REQUEST	27		Get all video games	1586359671638	1586359671648	OK	 
REQUEST	44		Get all video games	1586359671640	1586359671648	OK	 
REQUEST	19		Get specific game	1586359671647	1586359671652	OK	 
REQUEST	45		Get all video games	1586359672124	1586359672135	OK	 
REQUEST	53		Get specific game	1586359672124	1586359672136	OK	 
REQUEST	20		Get specific game	1586359672124	1586359672139	OK	 
REQUEST	36		Get specific game	1586359672124	1586359672141	OK	 
REQUEST	28		Get all video games	1586359672135	1586359672146	OK	 
REQUEST	45		Get all video games	1586359672136	1586359672148	OK	 
REQUEST	28		Get all video games	1586359672147	1586359672155	OK	 
REQUEST	54		Get specific game	1586359672613	1586359672620	OK	 
REQUEST	37		Get specific game	1586359672635	1586359672641	OK	 
REQUEST	29		Get all video games	1586359672635	1586359672643	OK	 
REQUEST	29		Get all video games	1586359672643	1586359672647	OK	 
REQUEST	11		Get all video games	1586359672646	1586359672651	OK	 
REQUEST	11		Get all video games	1586359672651	1586359672656	OK	 
REQUEST	1		Get all video games	1586359672677	1586359672683	OK	 
REQUEST	1		Get all video games	1586359672684	1586359672689	OK	 
REQUEST	10		Get all video games	1586359672805	1586359672814	OK	 
REQUEST	10		Get all video games	1586359672815	1586359672823	OK	 
REQUEST	5		Get all video games	1586359672858	1586359672866	OK	 
REQUEST	5		Get all video games	1586359672867	1586359672875	OK	 
REQUEST	8		Get all video games	1586359672925	1586359672938	OK	 
REQUEST	2		Get all video games	1586359672925	1586359672939	OK	 
REQUEST	8		Get all video games	1586359672939	1586359672951	OK	 
REQUEST	2		Get all video games	1586359672940	1586359672952	OK	 
REQUEST	46		Get all video games	1586359673113	1586359673120	OK	 
REQUEST	46		Get all video games	1586359673120	1586359673127	OK	 
REQUEST	55		Get specific game	1586359673123	1586359673130	OK	 
REQUEST	38		Get specific game	1586359673134	1586359673141	OK	 
REQUEST	30		Get all video games	1586359673145	1586359673151	OK	 
REQUEST	30		Get all video games	1586359673151	1586359673154	OK	 
REQUEST	21		Get specific game	1586359673155	1586359673159	OK	 
REQUEST	6		Get all video games	1586359673244	1586359673248	OK	 
REQUEST	6		Get all video games	1586359673248	1586359673251	OK	 
REQUEST	7		Get all video games	1586359673255	1586359673259	OK	 
REQUEST	3		Get all video games	1586359673255	1586359673260	OK	 
REQUEST	7		Get all video games	1586359673259	1586359673264	OK	 
REQUEST	3		Get all video games	1586359673260	1586359673264	OK	 
REQUEST	4		Get all video games	1586359673276	1586359673279	OK	 
REQUEST	4		Get all video games	1586359673280	1586359673283	OK	 
REQUEST	9		Get all video games	1586359673287	1586359673291	OK	 
REQUEST	13		Get all video games	1586359673287	1586359673293	OK	 
REQUEST	12		Get all video games	1586359673287	1586359673293	OK	 
REQUEST	9		Get all video games	1586359673291	1586359673295	OK	 
REQUEST	12		Get all video games	1586359673293	1586359673297	OK	 
REQUEST	13		Get all video games	1586359673293	1586359673297	OK	 
REQUEST	47		Get all video games	1586359673586	1586359673590	OK	 
REQUEST	47		Get all video games	1586359673591	1586359673595	OK	 
REQUEST	22		Get specific game	1586359673628	1586359673638	OK	 
REQUEST	39		Get specific game	1586359673628	1586359673640	OK	 
REQUEST	14		Get all video games	1586359673717	1586359673725	OK	 
REQUEST	14		Get all video games	1586359673726	1586359673733	OK	 
REQUEST	56		Get specific game	1586359674107	1586359674112	OK	 
REQUEST	40		Get specific game	1586359674117	1586359674126	OK	 
REQUEST	48		Get all video games	1586359674117	1586359674127	OK	 
REQUEST	48		Get all video games	1586359674128	1586359674140	OK	 
REQUEST	31		Get all video games	1586359674127	1586359674140	OK	 
REQUEST	15		Get all video games	1586359674127	1586359674141	OK	 
REQUEST	23		Get specific game	1586359674127	1586359674141	OK	 
REQUEST	31		Get all video games	1586359674140	1586359674145	OK	 
REQUEST	15		Get all video games	1586359674141	1586359674145	OK	 
REQUEST	57		Get specific game	1586359674596	1586359674602	OK	 
REQUEST	49		Get all video games	1586359674606	1586359674613	OK	 
REQUEST	49		Get all video games	1586359674614	1586359674620	OK	 
REQUEST	32		Get all video games	1586359674627	1586359674633	OK	 
REQUEST	32		Get all video games	1586359674633	1586359674639	OK	 
REQUEST	24		Get specific game	1586359674648	1586359674656	OK	 
REQUEST	58		Get specific game	1586359675093	1586359675096	OK	 
REQUEST	50		Get all video games	1586359675104	1586359675107	OK	 
REQUEST	50		Get all video games	1586359675107	1586359675110	OK	 
REQUEST	33		Get all video games	1586359675115	1586359675118	OK	 
REQUEST	41		Get specific game	1586359675115	1586359675119	OK	 
REQUEST	33		Get all video games	1586359675118	1586359675120	OK	 
REQUEST	25		Get specific game	1586359675125	1586359675128	OK	 
REQUEST	16		Get all video games	1586359675135	1586359675138	OK	 
REQUEST	16		Get all video games	1586359675138	1586359675141	OK	 
REQUEST	42		Get specific game	1586359675634	1586359675646	OK	 
REQUEST	59		Get specific game	1586359675634	1586359675647	OK	 
REQUEST	34		Get all video games	1586359675644	1586359675652	OK	 
REQUEST	34		Get all video games	1586359675653	1586359675661	OK	 
REQUEST	17		Get all video games	1586359675654	1586359675664	OK	 
REQUEST	17		Get all video games	1586359675664	1586359675671	OK	 
REQUEST	51		Get all video games	1586359676114	1586359676124	OK	 
REQUEST	60		Get specific game	1586359676114	1586359676124	OK	 
REQUEST	51		Get all video games	1586359676124	1586359676131	OK	 
REQUEST	35		Get all video games	1586359676125	1586359676133	OK	 
REQUEST	43		Get specific game	1586359676125	1586359676133	OK	 
REQUEST	35		Get all video games	1586359676133	1586359676138	OK	 
REQUEST	18		Get all video games	1586359676136	1586359676141	OK	 
REQUEST	18		Get all video games	1586359676141	1586359676145	OK	 
REQUEST	26		Get specific game	1586359676146	1586359676150	OK	 
REQUEST	52		Get all video games	1586359676637	1586359676645	OK	 
REQUEST	52		Get all video games	1586359676645	1586359676652	OK	 
REQUEST	44		Get specific game	1586359676647	1586359676656	OK	 
REQUEST	19		Get all video games	1586359676658	1586359676669	OK	 
REQUEST	27		Get specific game	1586359676658	1586359676670	OK	 
REQUEST	19		Get all video games	1586359676670	1586359676678	OK	 
